running egg_info
creating ../build/shadow_hand_controller/shadow_hand_controller.egg-info
writing ../build/shadow_hand_controller/shadow_hand_controller.egg-info/PKG-INFO
writing dependency_links to ../build/shadow_hand_controller/shadow_hand_controller.egg-info/dependency_links.txt
writing entry points to ../build/shadow_hand_controller/shadow_hand_controller.egg-info/entry_points.txt
writing requirements to ../build/shadow_hand_controller/shadow_hand_controller.egg-info/requires.txt
writing top-level names to ../build/shadow_hand_controller/shadow_hand_controller.egg-info/top_level.txt
writing manifest file '../build/shadow_hand_controller/shadow_hand_controller.egg-info/SOURCES.txt'
reading manifest file '../build/shadow_hand_controller/shadow_hand_controller.egg-info/SOURCES.txt'
adding license file 'LICENSE'
writing manifest file '../build/shadow_hand_controller/shadow_hand_controller.egg-info/SOURCES.txt'
running build
running build_py
creating /home/meow/ros2_ws/src/build/shadow_hand_controller/build
creating /home/meow/ros2_ws/src/build/shadow_hand_controller/build/lib
creating /home/meow/ros2_ws/src/build/shadow_hand_controller/build/lib/shadow_hand_controller
copying shadow_hand_controller/shadow_hand_control.py -> /home/meow/ros2_ws/src/build/shadow_hand_controller/build/lib/shadow_hand_controller
copying shadow_hand_controller/__init__.py -> /home/meow/ros2_ws/src/build/shadow_hand_controller/build/lib/shadow_hand_controller
running install
running install_lib
creating /home/meow/ros2_ws/src/install/shadow_hand_controller/lib/python3.12/site-packages/shadow_hand_controller
copying /home/meow/ros2_ws/src/build/shadow_hand_controller/build/lib/shadow_hand_controller/shadow_hand_control.py -> /home/meow/ros2_ws/src/install/shadow_hand_controller/lib/python3.12/site-packages/shadow_hand_controller
copying /home/meow/ros2_ws/src/build/shadow_hand_controller/build/lib/shadow_hand_controller/__init__.py -> /home/meow/ros2_ws/src/install/shadow_hand_controller/lib/python3.12/site-packages/shadow_hand_controller
byte-compiling /home/meow/ros2_ws/src/install/shadow_hand_controller/lib/python3.12/site-packages/shadow_hand_controller/shadow_hand_control.py to shadow_hand_control.cpython-312.pyc
byte-compiling /home/meow/ros2_ws/src/install/shadow_hand_controller/lib/python3.12/site-packages/shadow_hand_controller/__init__.py to __init__.cpython-312.pyc
running install_data
creating /home/meow/ros2_ws/src/install/shadow_hand_controller/share/ament_index
creating /home/meow/ros2_ws/src/install/shadow_hand_controller/share/ament_index/resource_index
creating /home/meow/ros2_ws/src/install/shadow_hand_controller/share/ament_index/resource_index/packages
copying resource/shadow_hand_controller -> /home/meow/ros2_ws/src/install/shadow_hand_controller/share/ament_index/resource_index/packages
copying package.xml -> /home/meow/ros2_ws/src/install/shadow_hand_controller/share/shadow_hand_controller
running install_egg_info
Copying ../build/shadow_hand_controller/shadow_hand_controller.egg-info to /home/meow/ros2_ws/src/install/shadow_hand_controller/lib/python3.12/site-packages/shadow_hand_controller-0.0.0-py3.12.egg-info
running install_scripts
Installing shadow_hand_control script to /home/meow/ros2_ws/src/install/shadow_hand_controller/lib/shadow_hand_controller
writing list of installed files to '/home/meow/ros2_ws/src/build/shadow_hand_controller/install.log'
