[0.460s] Invoking command in '/home/meow/ros2_ws/src/shadow_hand_controller': DEBUGINFOD_URLS=https://debuginfod.ubuntu.com PYTHONPATH=/home/meow/ros2_ws/src/build/shadow_hand_controller/prefix_override:/usr/lib/python3/dist-packages/colcon_core/task/python/colcon_distutils_commands:/home/meow/ros2_ws/src/install/shadow_hand_controller/lib/python3.12/site-packages:${PYTHONPATH} /usr/bin/python3 -W ignore:setup.py install is deprecated -W ignore:easy_install command is deprecated setup.py egg_info --egg-base ../build/shadow_hand_controller build --build-base /home/meow/ros2_ws/src/build/shadow_hand_controller/build install --record /home/meow/ros2_ws/src/build/shadow_hand_controller/install.log --single-version-externally-managed install_data
[0.582s] running egg_info
[0.582s] creating ../build/shadow_hand_controller/shadow_hand_controller.egg-info
[0.590s] writing ../build/shadow_hand_controller/shadow_hand_controller.egg-info/PKG-INFO
[0.590s] writing dependency_links to ../build/shadow_hand_controller/shadow_hand_controller.egg-info/dependency_links.txt
[0.590s] writing entry points to ../build/shadow_hand_controller/shadow_hand_controller.egg-info/entry_points.txt
[0.590s] writing requirements to ../build/shadow_hand_controller/shadow_hand_controller.egg-info/requires.txt
[0.590s] writing top-level names to ../build/shadow_hand_controller/shadow_hand_controller.egg-info/top_level.txt
[0.590s] writing manifest file '../build/shadow_hand_controller/shadow_hand_controller.egg-info/SOURCES.txt'
[0.607s] reading manifest file '../build/shadow_hand_controller/shadow_hand_controller.egg-info/SOURCES.txt'
[0.607s] adding license file 'LICENSE'
[0.607s] writing manifest file '../build/shadow_hand_controller/shadow_hand_controller.egg-info/SOURCES.txt'
[0.607s] running build
[0.607s] running build_py
[0.607s] creating /home/meow/ros2_ws/src/build/shadow_hand_controller/build
[0.607s] creating /home/meow/ros2_ws/src/build/shadow_hand_controller/build/lib
[0.607s] creating /home/meow/ros2_ws/src/build/shadow_hand_controller/build/lib/shadow_hand_controller
[0.607s] copying shadow_hand_controller/shadow_hand_control.py -> /home/meow/ros2_ws/src/build/shadow_hand_controller/build/lib/shadow_hand_controller
[0.607s] copying shadow_hand_controller/__init__.py -> /home/meow/ros2_ws/src/build/shadow_hand_controller/build/lib/shadow_hand_controller
[0.607s] running install
[0.610s] running install_lib
[0.618s] creating /home/meow/ros2_ws/src/install/shadow_hand_controller/lib/python3.12/site-packages/shadow_hand_controller
[0.618s] copying /home/meow/ros2_ws/src/build/shadow_hand_controller/build/lib/shadow_hand_controller/shadow_hand_control.py -> /home/meow/ros2_ws/src/install/shadow_hand_controller/lib/python3.12/site-packages/shadow_hand_controller
[0.618s] copying /home/meow/ros2_ws/src/build/shadow_hand_controller/build/lib/shadow_hand_controller/__init__.py -> /home/meow/ros2_ws/src/install/shadow_hand_controller/lib/python3.12/site-packages/shadow_hand_controller
[0.618s] byte-compiling /home/meow/ros2_ws/src/install/shadow_hand_controller/lib/python3.12/site-packages/shadow_hand_controller/shadow_hand_control.py to shadow_hand_control.cpython-312.pyc
[0.619s] byte-compiling /home/meow/ros2_ws/src/install/shadow_hand_controller/lib/python3.12/site-packages/shadow_hand_controller/__init__.py to __init__.cpython-312.pyc
[0.619s] running install_data
[0.619s] creating /home/meow/ros2_ws/src/install/shadow_hand_controller/share/ament_index
[0.619s] creating /home/meow/ros2_ws/src/install/shadow_hand_controller/share/ament_index/resource_index
[0.619s] creating /home/meow/ros2_ws/src/install/shadow_hand_controller/share/ament_index/resource_index/packages
[0.619s] copying resource/shadow_hand_controller -> /home/meow/ros2_ws/src/install/shadow_hand_controller/share/ament_index/resource_index/packages
[0.619s] copying package.xml -> /home/meow/ros2_ws/src/install/shadow_hand_controller/share/shadow_hand_controller
[0.619s] running install_egg_info
[0.627s] Copying ../build/shadow_hand_controller/shadow_hand_controller.egg-info to /home/meow/ros2_ws/src/install/shadow_hand_controller/lib/python3.12/site-packages/shadow_hand_controller-0.0.0-py3.12.egg-info
[0.628s] running install_scripts
[0.686s] Installing shadow_hand_control script to /home/meow/ros2_ws/src/install/shadow_hand_controller/lib/shadow_hand_controller
[0.686s] writing list of installed files to '/home/meow/ros2_ws/src/build/shadow_hand_controller/install.log'
[0.705s] Invoked command in '/home/meow/ros2_ws/src/shadow_hand_controller' returned '0': DEBUGINFOD_URLS=https://debuginfod.ubuntu.com PYTHONPATH=/home/meow/ros2_ws/src/build/shadow_hand_controller/prefix_override:/usr/lib/python3/dist-packages/colcon_core/task/python/colcon_distutils_commands:/home/meow/ros2_ws/src/install/shadow_hand_controller/lib/python3.12/site-packages:${PYTHONPATH} /usr/bin/python3 -W ignore:setup.py install is deprecated -W ignore:easy_install command is deprecated setup.py egg_info --egg-base ../build/shadow_hand_controller build --build-base /home/meow/ros2_ws/src/build/shadow_hand_controller/build install --record /home/meow/ros2_ws/src/build/shadow_hand_controller/install.log --single-version-externally-managed install_data
