running egg_info
creating ../build/emg_device/emg_device.egg-info
writing ../build/emg_device/emg_device.egg-info/PKG-INFO
writing dependency_links to ../build/emg_device/emg_device.egg-info/dependency_links.txt
writing entry points to ../build/emg_device/emg_device.egg-info/entry_points.txt
writing requirements to ../build/emg_device/emg_device.egg-info/requires.txt
writing top-level names to ../build/emg_device/emg_device.egg-info/top_level.txt
writing manifest file '../build/emg_device/emg_device.egg-info/SOURCES.txt'
reading manifest file '../build/emg_device/emg_device.egg-info/SOURCES.txt'
adding license file 'LICENSE'
writing manifest file '../build/emg_device/emg_device.egg-info/SOURCES.txt'
running build
running build_py
creating /home/meow/ros2_ws/src/build/emg_device/build
creating /home/meow/ros2_ws/src/build/emg_device/build/lib
creating /home/meow/ros2_ws/src/build/emg_device/build/lib/emg_device
copying emg_device/__init__.py -> /home/meow/ros2_ws/src/build/emg_device/build/lib/emg_device
copying emg_device/emg_node.py -> /home/meow/ros2_ws/src/build/emg_device/build/lib/emg_device
copying emg_device/emg_ascii_plot.py -> /home/meow/ros2_ws/src/build/emg_device/build/lib/emg_device
running install
running install_lib
creating /home/meow/ros2_ws/src/install/emg_device/lib/python3.12/site-packages/emg_device
copying /home/meow/ros2_ws/src/build/emg_device/build/lib/emg_device/__init__.py -> /home/meow/ros2_ws/src/install/emg_device/lib/python3.12/site-packages/emg_device
copying /home/meow/ros2_ws/src/build/emg_device/build/lib/emg_device/emg_node.py -> /home/meow/ros2_ws/src/install/emg_device/lib/python3.12/site-packages/emg_device
copying /home/meow/ros2_ws/src/build/emg_device/build/lib/emg_device/emg_ascii_plot.py -> /home/meow/ros2_ws/src/install/emg_device/lib/python3.12/site-packages/emg_device
byte-compiling /home/meow/ros2_ws/src/install/emg_device/lib/python3.12/site-packages/emg_device/__init__.py to __init__.cpython-312.pyc
byte-compiling /home/meow/ros2_ws/src/install/emg_device/lib/python3.12/site-packages/emg_device/emg_node.py to emg_node.cpython-312.pyc
byte-compiling /home/meow/ros2_ws/src/install/emg_device/lib/python3.12/site-packages/emg_device/emg_ascii_plot.py to emg_ascii_plot.cpython-312.pyc
running install_data
creating /home/meow/ros2_ws/src/install/emg_device/share/ament_index
creating /home/meow/ros2_ws/src/install/emg_device/share/ament_index/resource_index
creating /home/meow/ros2_ws/src/install/emg_device/share/ament_index/resource_index/packages
copying resource/emg_device -> /home/meow/ros2_ws/src/install/emg_device/share/ament_index/resource_index/packages
copying package.xml -> /home/meow/ros2_ws/src/install/emg_device/share/emg_device
creating /home/meow/ros2_ws/src/install/emg_device/share/emg_device/launch
copying launch/emg_signal_launch.py -> /home/meow/ros2_ws/src/install/emg_device/share/emg_device/launch
creating /home/meow/ros2_ws/src/install/emg_device/share/emg_device/LICENSE
copying LICENSE -> /home/meow/ros2_ws/src/install/emg_device/share/emg_device/LICENSE
running install_egg_info
Copying ../build/emg_device/emg_device.egg-info to /home/meow/ros2_ws/src/install/emg_device/lib/python3.12/site-packages/emg_device-0.1.3-py3.12.egg-info
running install_scripts
Installing emg_ascii_plot script to /home/meow/ros2_ws/src/install/emg_device/lib/emg_device
Installing emg_node script to /home/meow/ros2_ws/src/install/emg_device/lib/emg_device
writing list of installed files to '/home/meow/ros2_ws/src/build/emg_device/install.log'
