[0.049s] DEBUG:colcon:Command line arguments: ['/usr/bin/colcon', 'build', '--symlink-install', '--packages-select', 'shadow_hand_controller']
[0.050s] DEBUG:colcon:Parsed command line arguments: Namespace(log_base=None, log_level=None, verb_name='build', build_base='build', install_base='install', merge_install=False, symlink_install=True, test_result_base=None, continue_on_error=False, executor='parallel', parallel_workers=20, event_handlers=None, ignore_user_meta=False, metas=['./colcon.meta'], base_paths=['.'], packages_ignore=None, packages_ignore_regex=None, paths=None, packages_up_to=None, packages_up_to_regex=None, packages_above=None, packages_above_and_dependencies=None, packages_above_depth=None, packages_select_by_dep=None, packages_skip_by_dep=None, packages_skip_up_to=None, packages_select_build_failed=False, packages_skip_build_finished=False, packages_select_test_failures=False, packages_skip_test_passed=False, packages_select=['shadow_hand_controller'], packages_skip=None, packages_select_regex=None, packages_skip_regex=None, packages_start=None, packages_end=None, allow_overriding=[], cmake_args=None, cmake_target=None, cmake_target_skip_unavailable=False, cmake_clean_cache=False, cmake_clean_first=False, cmake_force_configure=False, ament_cmake_args=None, catkin_cmake_args=None, catkin_skip_building_tests=False, mixin_files=None, mixin=None, verb_parser=<colcon_mixin.mixin.mixin_argument.MixinArgumentDecorator object at 0x74b8e89a94f0>, verb_extension=<colcon_core.verb.build.BuildVerb object at 0x74b8e8abde80>, main=<bound method BuildVerb.main of <colcon_core.verb.build.BuildVerb object at 0x74b8e8abde80>>, mixin_verb=('build',))
[0.068s] Level 1:colcon.colcon_core.package_discovery:discover_packages(colcon_meta) check parameters
[0.068s] Level 1:colcon.colcon_core.package_discovery:discover_packages(recursive) check parameters
[0.068s] Level 1:colcon.colcon_core.package_discovery:discover_packages(ignore) check parameters
[0.068s] Level 1:colcon.colcon_core.package_discovery:discover_packages(path) check parameters
[0.068s] Level 1:colcon.colcon_core.package_discovery:discover_packages(colcon_meta) discover
[0.068s] Level 1:colcon.colcon_core.package_discovery:discover_packages(recursive) discover
[0.068s] INFO:colcon.colcon_core.package_discovery:Crawling recursively for packages in '/home/meow/ros2_ws/src'
[0.068s] Level 1:colcon.colcon_core.package_identification:_identify(.) by extensions ['ignore', 'ignore_ament_install']
[0.068s] Level 1:colcon.colcon_core.package_identification:_identify(.) by extension 'ignore'
[0.068s] Level 1:colcon.colcon_core.package_identification:_identify(.) by extension 'ignore_ament_install'
[0.068s] Level 1:colcon.colcon_core.package_identification:_identify(.) by extensions ['colcon_pkg']
[0.068s] Level 1:colcon.colcon_core.package_identification:_identify(.) by extension 'colcon_pkg'
[0.068s] Level 1:colcon.colcon_core.package_identification:_identify(.) by extensions ['colcon_meta']
[0.068s] Level 1:colcon.colcon_core.package_identification:_identify(.) by extension 'colcon_meta'
[0.068s] Level 1:colcon.colcon_core.package_identification:_identify(.) by extensions ['ros']
[0.068s] Level 1:colcon.colcon_core.package_identification:_identify(.) by extension 'ros'
[0.081s] Level 1:colcon.colcon_core.package_identification:_identify(.) by extensions ['cmake', 'python']
[0.081s] Level 1:colcon.colcon_core.package_identification:_identify(.) by extension 'cmake'
[0.081s] Level 1:colcon.colcon_core.package_identification:_identify(.) by extension 'python'
[0.081s] Level 1:colcon.colcon_core.package_identification:_identify(.) by extensions ['python_setup_py']
[0.081s] Level 1:colcon.colcon_core.package_identification:_identify(.) by extension 'python_setup_py'
[0.081s] Level 1:colcon.colcon_core.package_identification:_identify(build) by extensions ['ignore', 'ignore_ament_install']
[0.081s] Level 1:colcon.colcon_core.package_identification:_identify(build) by extension 'ignore'
[0.081s] Level 1:colcon.colcon_core.package_identification:_identify(build) ignored
[0.081s] Level 1:colcon.colcon_core.package_identification:_identify(data) by extensions ['ignore', 'ignore_ament_install']
[0.081s] Level 1:colcon.colcon_core.package_identification:_identify(data) by extension 'ignore'
[0.081s] Level 1:colcon.colcon_core.package_identification:_identify(data) by extension 'ignore_ament_install'
[0.081s] Level 1:colcon.colcon_core.package_identification:_identify(data) by extensions ['colcon_pkg']
[0.081s] Level 1:colcon.colcon_core.package_identification:_identify(data) by extension 'colcon_pkg'
[0.081s] Level 1:colcon.colcon_core.package_identification:_identify(data) by extensions ['colcon_meta']
[0.081s] Level 1:colcon.colcon_core.package_identification:_identify(data) by extension 'colcon_meta'
[0.081s] Level 1:colcon.colcon_core.package_identification:_identify(data) by extensions ['ros']
[0.081s] Level 1:colcon.colcon_core.package_identification:_identify(data) by extension 'ros'
[0.081s] Level 1:colcon.colcon_core.package_identification:_identify(data) by extensions ['cmake', 'python']
[0.081s] Level 1:colcon.colcon_core.package_identification:_identify(data) by extension 'cmake'
[0.081s] Level 1:colcon.colcon_core.package_identification:_identify(data) by extension 'python'
[0.081s] Level 1:colcon.colcon_core.package_identification:_identify(data) by extensions ['python_setup_py']
[0.081s] Level 1:colcon.colcon_core.package_identification:_identify(data) by extension 'python_setup_py'
[0.081s] Level 1:colcon.colcon_core.package_identification:_identify(emg_connect) by extensions ['ignore', 'ignore_ament_install']
[0.081s] Level 1:colcon.colcon_core.package_identification:_identify(emg_connect) by extension 'ignore'
[0.081s] Level 1:colcon.colcon_core.package_identification:_identify(emg_connect) by extension 'ignore_ament_install'
[0.082s] Level 1:colcon.colcon_core.package_identification:_identify(emg_connect) by extensions ['colcon_pkg']
[0.082s] Level 1:colcon.colcon_core.package_identification:_identify(emg_connect) by extension 'colcon_pkg'
[0.082s] Level 1:colcon.colcon_core.package_identification:_identify(emg_connect) by extensions ['colcon_meta']
[0.082s] Level 1:colcon.colcon_core.package_identification:_identify(emg_connect) by extension 'colcon_meta'
[0.082s] Level 1:colcon.colcon_core.package_identification:_identify(emg_connect) by extensions ['ros']
[0.082s] Level 1:colcon.colcon_core.package_identification:_identify(emg_connect) by extension 'ros'
[0.082s] Level 1:colcon.colcon_core.package_identification:_identify(emg_connect) by extensions ['cmake', 'python']
[0.082s] Level 1:colcon.colcon_core.package_identification:_identify(emg_connect) by extension 'cmake'
[0.082s] Level 1:colcon.colcon_core.package_identification:_identify(emg_connect) by extension 'python'
[0.082s] Level 1:colcon.colcon_core.package_identification:_identify(emg_connect) by extensions ['python_setup_py']
[0.082s] Level 1:colcon.colcon_core.package_identification:_identify(emg_connect) by extension 'python_setup_py'
[0.082s] Level 1:colcon.colcon_core.package_identification:_identify(emg_connect/script) by extensions ['ignore', 'ignore_ament_install']
[0.082s] Level 1:colcon.colcon_core.package_identification:_identify(emg_connect/script) by extension 'ignore'
[0.082s] Level 1:colcon.colcon_core.package_identification:_identify(emg_connect/script) by extension 'ignore_ament_install'
[0.082s] Level 1:colcon.colcon_core.package_identification:_identify(emg_connect/script) by extensions ['colcon_pkg']
[0.082s] Level 1:colcon.colcon_core.package_identification:_identify(emg_connect/script) by extension 'colcon_pkg'
[0.082s] Level 1:colcon.colcon_core.package_identification:_identify(emg_connect/script) by extensions ['colcon_meta']
[0.082s] Level 1:colcon.colcon_core.package_identification:_identify(emg_connect/script) by extension 'colcon_meta'
[0.082s] Level 1:colcon.colcon_core.package_identification:_identify(emg_connect/script) by extensions ['ros']
[0.082s] Level 1:colcon.colcon_core.package_identification:_identify(emg_connect/script) by extension 'ros'
[0.082s] Level 1:colcon.colcon_core.package_identification:_identify(emg_connect/script) by extensions ['cmake', 'python']
[0.082s] Level 1:colcon.colcon_core.package_identification:_identify(emg_connect/script) by extension 'cmake'
[0.082s] Level 1:colcon.colcon_core.package_identification:_identify(emg_connect/script) by extension 'python'
[0.082s] Level 1:colcon.colcon_core.package_identification:_identify(emg_connect/script) by extensions ['python_setup_py']
[0.082s] Level 1:colcon.colcon_core.package_identification:_identify(emg_connect/script) by extension 'python_setup_py'
[0.082s] Level 1:colcon.colcon_core.package_identification:_identify(emg_connect/script/__pycache__) by extensions ['ignore', 'ignore_ament_install']
[0.082s] Level 1:colcon.colcon_core.package_identification:_identify(emg_connect/script/__pycache__) by extension 'ignore'
[0.082s] Level 1:colcon.colcon_core.package_identification:_identify(emg_connect/script/__pycache__) by extension 'ignore_ament_install'
[0.082s] Level 1:colcon.colcon_core.package_identification:_identify(emg_connect/script/__pycache__) by extensions ['colcon_pkg']
[0.082s] Level 1:colcon.colcon_core.package_identification:_identify(emg_connect/script/__pycache__) by extension 'colcon_pkg'
[0.082s] Level 1:colcon.colcon_core.package_identification:_identify(emg_connect/script/__pycache__) by extensions ['colcon_meta']
[0.082s] Level 1:colcon.colcon_core.package_identification:_identify(emg_connect/script/__pycache__) by extension 'colcon_meta'
[0.082s] Level 1:colcon.colcon_core.package_identification:_identify(emg_connect/script/__pycache__) by extensions ['ros']
[0.082s] Level 1:colcon.colcon_core.package_identification:_identify(emg_connect/script/__pycache__) by extension 'ros'
[0.082s] Level 1:colcon.colcon_core.package_identification:_identify(emg_connect/script/__pycache__) by extensions ['cmake', 'python']
[0.082s] Level 1:colcon.colcon_core.package_identification:_identify(emg_connect/script/__pycache__) by extension 'cmake'
[0.082s] Level 1:colcon.colcon_core.package_identification:_identify(emg_connect/script/__pycache__) by extension 'python'
[0.082s] Level 1:colcon.colcon_core.package_identification:_identify(emg_connect/script/__pycache__) by extensions ['python_setup_py']
[0.082s] Level 1:colcon.colcon_core.package_identification:_identify(emg_connect/script/__pycache__) by extension 'python_setup_py'
[0.082s] Level 1:colcon.colcon_core.package_identification:_identify(emg_device) by extensions ['ignore', 'ignore_ament_install']
[0.082s] Level 1:colcon.colcon_core.package_identification:_identify(emg_device) by extension 'ignore'
[0.082s] Level 1:colcon.colcon_core.package_identification:_identify(emg_device) by extension 'ignore_ament_install'
[0.082s] Level 1:colcon.colcon_core.package_identification:_identify(emg_device) by extensions ['colcon_pkg']
[0.082s] Level 1:colcon.colcon_core.package_identification:_identify(emg_device) by extension 'colcon_pkg'
[0.082s] Level 1:colcon.colcon_core.package_identification:_identify(emg_device) by extensions ['colcon_meta']
[0.082s] Level 1:colcon.colcon_core.package_identification:_identify(emg_device) by extension 'colcon_meta'
[0.082s] Level 1:colcon.colcon_core.package_identification:_identify(emg_device) by extensions ['ros']
[0.082s] Level 1:colcon.colcon_core.package_identification:_identify(emg_device) by extension 'ros'
[0.083s] DEBUG:colcon.colcon_core.package_identification:Package 'emg_device' with type 'ros.ament_python' and name 'emg_device'
[0.084s] Level 1:colcon.colcon_core.package_identification:_identify(install) by extensions ['ignore', 'ignore_ament_install']
[0.084s] Level 1:colcon.colcon_core.package_identification:_identify(install) by extension 'ignore'
[0.084s] Level 1:colcon.colcon_core.package_identification:_identify(install) ignored
[0.084s] Level 1:colcon.colcon_core.package_identification:_identify(log) by extensions ['ignore', 'ignore_ament_install']
[0.084s] Level 1:colcon.colcon_core.package_identification:_identify(log) by extension 'ignore'
[0.084s] Level 1:colcon.colcon_core.package_identification:_identify(log) ignored
[0.084s] Level 1:colcon.colcon_core.package_identification:_identify(shadow_hand_controller) by extensions ['ignore', 'ignore_ament_install']
[0.084s] Level 1:colcon.colcon_core.package_identification:_identify(shadow_hand_controller) by extension 'ignore'
[0.084s] Level 1:colcon.colcon_core.package_identification:_identify(shadow_hand_controller) by extension 'ignore_ament_install'
[0.084s] Level 1:colcon.colcon_core.package_identification:_identify(shadow_hand_controller) by extensions ['colcon_pkg']
[0.084s] Level 1:colcon.colcon_core.package_identification:_identify(shadow_hand_controller) by extension 'colcon_pkg'
[0.084s] Level 1:colcon.colcon_core.package_identification:_identify(shadow_hand_controller) by extensions ['colcon_meta']
[0.084s] Level 1:colcon.colcon_core.package_identification:_identify(shadow_hand_controller) by extension 'colcon_meta'
[0.084s] Level 1:colcon.colcon_core.package_identification:_identify(shadow_hand_controller) by extensions ['ros']
[0.084s] Level 1:colcon.colcon_core.package_identification:_identify(shadow_hand_controller) by extension 'ros'
[0.084s] DEBUG:colcon.colcon_core.package_identification:Package 'shadow_hand_controller' with type 'ros.ament_python' and name 'shadow_hand_controller'
[0.084s] Level 1:colcon.colcon_core.package_discovery:discover_packages(recursive) using defaults
[0.084s] Level 1:colcon.colcon_core.package_discovery:discover_packages(ignore) discover
[0.084s] Level 1:colcon.colcon_core.package_discovery:discover_packages(ignore) using defaults
[0.084s] Level 1:colcon.colcon_core.package_discovery:discover_packages(path) discover
[0.084s] Level 1:colcon.colcon_core.package_discovery:discover_packages(path) using defaults
[0.093s] INFO:colcon.colcon_core.package_selection:Skipping not selected package 'emg_device' in 'emg_device'
[0.093s] Level 1:colcon.colcon_core.package_discovery:discover_packages(prefix_path) check parameters
[0.093s] Level 1:colcon.colcon_core.package_discovery:discover_packages(prefix_path) discover
[0.094s] DEBUG:colcon.colcon_installed_package_information.package_discovery:Found 2 installed packages in /home/meow/ros2_ws/install
[0.094s] DEBUG:colcon.colcon_installed_package_information.package_discovery:Found 457 installed packages in /opt/ros/jazzy
[0.095s] Level 1:colcon.colcon_core.package_discovery:discover_packages(prefix_path) using defaults
[0.118s] Level 5:colcon.colcon_core.verb:set package 'shadow_hand_controller' build argument 'cmake_args' from command line to 'None'
[0.118s] Level 5:colcon.colcon_core.verb:set package 'shadow_hand_controller' build argument 'cmake_target' from command line to 'None'
[0.118s] Level 5:colcon.colcon_core.verb:set package 'shadow_hand_controller' build argument 'cmake_target_skip_unavailable' from command line to 'False'
[0.118s] Level 5:colcon.colcon_core.verb:set package 'shadow_hand_controller' build argument 'cmake_clean_cache' from command line to 'False'
[0.118s] Level 5:colcon.colcon_core.verb:set package 'shadow_hand_controller' build argument 'cmake_clean_first' from command line to 'False'
[0.118s] Level 5:colcon.colcon_core.verb:set package 'shadow_hand_controller' build argument 'cmake_force_configure' from command line to 'False'
[0.118s] Level 5:colcon.colcon_core.verb:set package 'shadow_hand_controller' build argument 'ament_cmake_args' from command line to 'None'
[0.118s] Level 5:colcon.colcon_core.verb:set package 'shadow_hand_controller' build argument 'catkin_cmake_args' from command line to 'None'
[0.118s] Level 5:colcon.colcon_core.verb:set package 'shadow_hand_controller' build argument 'catkin_skip_building_tests' from command line to 'False'
[0.118s] DEBUG:colcon.colcon_core.verb:Building package 'shadow_hand_controller' with the following arguments: {'ament_cmake_args': None, 'build_base': '/home/meow/ros2_ws/src/build/shadow_hand_controller', 'catkin_cmake_args': None, 'catkin_skip_building_tests': False, 'cmake_args': None, 'cmake_clean_cache': False, 'cmake_clean_first': False, 'cmake_force_configure': False, 'cmake_target': None, 'cmake_target_skip_unavailable': False, 'install_base': '/home/meow/ros2_ws/src/install/shadow_hand_controller', 'merge_install': False, 'path': '/home/meow/ros2_ws/src/shadow_hand_controller', 'symlink_install': True, 'test_result_base': None}
[0.118s] INFO:colcon.colcon_core.executor:Executing jobs using 'parallel' executor
[0.118s] DEBUG:colcon.colcon_parallel_executor.executor.parallel:run_until_complete
[0.119s] INFO:colcon.colcon_ros.task.ament_python.build:Building ROS package in '/home/meow/ros2_ws/src/shadow_hand_controller' with build type 'ament_python'
[0.119s] Level 1:colcon.colcon_core.shell:create_environment_hook('shadow_hand_controller', 'ament_prefix_path')
[0.119s] INFO:colcon.colcon_core.plugin_system:Skipping extension 'colcon_core.shell.bat': Not used on non-Windows systems
[0.120s] INFO:colcon.colcon_core.shell:Creating environment hook '/home/meow/ros2_ws/src/install/shadow_hand_controller/share/shadow_hand_controller/hook/ament_prefix_path.ps1'
[0.120s] INFO:colcon.colcon_core.shell:Creating environment descriptor '/home/meow/ros2_ws/src/install/shadow_hand_controller/share/shadow_hand_controller/hook/ament_prefix_path.dsv'
[0.120s] INFO:colcon.colcon_core.shell:Creating environment hook '/home/meow/ros2_ws/src/install/shadow_hand_controller/share/shadow_hand_controller/hook/ament_prefix_path.sh'
[0.120s] INFO:colcon.colcon_core.shell:Skip shell extension 'powershell' for command environment: Not usable outside of PowerShell
[0.120s] DEBUG:colcon.colcon_core.shell:Skip shell extension 'dsv' for command environment
[0.226s] INFO:colcon.colcon_core.task.python.build:Building Python package in '/home/meow/ros2_ws/src/shadow_hand_controller'
[0.226s] INFO:colcon.colcon_core.shell:Skip shell extension 'powershell' for command environment: Not usable outside of PowerShell
[0.226s] DEBUG:colcon.colcon_core.shell:Skip shell extension 'dsv' for command environment
[0.496s] DEBUG:colcon.colcon_core.event_handler.log_command:Invoking command in '/home/meow/ros2_ws/src/build/shadow_hand_controller': DEBUGINFOD_URLS=https://debuginfod.ubuntu.com PYTHONPATH=/home/meow/ros2_ws/src/build/shadow_hand_controller/prefix_override:/usr/lib/python3/dist-packages/colcon_core/task/python/colcon_distutils_commands:/home/meow/ros2_ws/src/install/shadow_hand_controller/lib/python3.12/site-packages:${PYTHONPATH} /usr/bin/python3 -W ignore:setup.py install is deprecated -W ignore:easy_install command is deprecated setup.py develop --editable --build-directory /home/meow/ros2_ws/src/build/shadow_hand_controller/build --no-deps symlink_data
[0.783s] DEBUG:colcon.colcon_core.event_handler.log_command:Invoked command in '/home/meow/ros2_ws/src/build/shadow_hand_controller' returned '1': DEBUGINFOD_URLS=https://debuginfod.ubuntu.com PYTHONPATH=/home/meow/ros2_ws/src/build/shadow_hand_controller/prefix_override:/usr/lib/python3/dist-packages/colcon_core/task/python/colcon_distutils_commands:/home/meow/ros2_ws/src/install/shadow_hand_controller/lib/python3.12/site-packages:${PYTHONPATH} /usr/bin/python3 -W ignore:setup.py install is deprecated -W ignore:easy_install command is deprecated setup.py develop --editable --build-directory /home/meow/ros2_ws/src/build/shadow_hand_controller/build --no-deps symlink_data
[0.793s] DEBUG:colcon.colcon_parallel_executor.executor.parallel:closing loop
[0.793s] DEBUG:colcon.colcon_parallel_executor.executor.parallel:loop closed
[0.793s] DEBUG:colcon.colcon_parallel_executor.executor.parallel:run_until_complete finished with '1'
[0.793s] DEBUG:colcon.colcon_core.event_reactor:joining thread
[0.796s] INFO:colcon.colcon_core.plugin_system:Skipping extension 'colcon_notification.desktop_notification.terminal_notifier': Not used on non-Darwin systems
[0.796s] INFO:colcon.colcon_core.plugin_system:Skipping extension 'colcon_notification.desktop_notification.win32': Not used on non-Windows systems
[0.796s] INFO:colcon.colcon_notification.desktop_notification:Sending desktop notification using 'notify2'
[0.803s] DEBUG:colcon.colcon_core.event_reactor:joined thread
[0.803s] INFO:colcon.colcon_core.shell:Creating prefix script '/home/meow/ros2_ws/src/install/local_setup.ps1'
[0.804s] INFO:colcon.colcon_core.shell:Creating prefix util module '/home/meow/ros2_ws/src/install/_local_setup_util_ps1.py'
[0.804s] INFO:colcon.colcon_core.shell:Creating prefix chain script '/home/meow/ros2_ws/src/install/setup.ps1'
[0.805s] INFO:colcon.colcon_core.shell:Creating prefix script '/home/meow/ros2_ws/src/install/local_setup.sh'
[0.805s] INFO:colcon.colcon_core.shell:Creating prefix util module '/home/meow/ros2_ws/src/install/_local_setup_util_sh.py'
[0.805s] INFO:colcon.colcon_core.shell:Creating prefix chain script '/home/meow/ros2_ws/src/install/setup.sh'
[0.806s] INFO:colcon.colcon_core.shell:Creating prefix script '/home/meow/ros2_ws/src/install/local_setup.bash'
[0.807s] INFO:colcon.colcon_core.shell:Creating prefix chain script '/home/meow/ros2_ws/src/install/setup.bash'
[0.807s] INFO:colcon.colcon_core.shell:Creating prefix script '/home/meow/ros2_ws/src/install/local_setup.zsh'
[0.807s] INFO:colcon.colcon_core.shell:Creating prefix chain script '/home/meow/ros2_ws/src/install/setup.zsh'
