[0.048s] DEBUG:colcon:Command line arguments: ['/usr/bin/colcon', 'build', '--symlink-install']
[0.048s] DEBUG:colcon:Parsed command line arguments: Namespace(log_base=None, log_level=None, verb_name='build', build_base='build', install_base='install', merge_install=False, symlink_install=True, test_result_base=None, continue_on_error=False, executor='parallel', parallel_workers=20, event_handlers=None, ignore_user_meta=False, metas=['./colcon.meta'], base_paths=['.'], packages_ignore=None, packages_ignore_regex=None, paths=None, packages_up_to=None, packages_up_to_regex=None, packages_above=None, packages_above_and_dependencies=None, packages_above_depth=None, packages_select_by_dep=None, packages_skip_by_dep=None, packages_skip_up_to=None, packages_select_build_failed=False, packages_skip_build_finished=False, packages_select_test_failures=False, packages_skip_test_passed=False, packages_select=None, packages_skip=None, packages_select_regex=None, packages_skip_regex=None, packages_start=None, packages_end=None, allow_overriding=[], cmake_args=None, cmake_target=None, cmake_target_skip_unavailable=False, cmake_clean_cache=False, cmake_clean_first=False, cmake_force_configure=False, ament_cmake_args=None, catkin_cmake_args=None, catkin_skip_building_tests=False, mixin_files=None, mixin=None, verb_parser=<colcon_mixin.mixin.mixin_argument.MixinArgumentDecorator object at 0x7a1bed6a95b0>, verb_extension=<colcon_core.verb.build.BuildVerb object at 0x7a1bed7b9760>, main=<bound method BuildVerb.main of <colcon_core.verb.build.BuildVerb object at 0x7a1bed7b9760>>, mixin_verb=('build',))
[0.065s] Level 1:colcon.colcon_core.package_discovery:discover_packages(colcon_meta) check parameters
[0.065s] Level 1:colcon.colcon_core.package_discovery:discover_packages(recursive) check parameters
[0.065s] Level 1:colcon.colcon_core.package_discovery:discover_packages(ignore) check parameters
[0.065s] Level 1:colcon.colcon_core.package_discovery:discover_packages(path) check parameters
[0.065s] Level 1:colcon.colcon_core.package_discovery:discover_packages(colcon_meta) discover
[0.065s] Level 1:colcon.colcon_core.package_discovery:discover_packages(recursive) discover
[0.065s] INFO:colcon.colcon_core.package_discovery:Crawling recursively for packages in '/home/meow/ros2_ws'
[0.065s] Level 1:colcon.colcon_core.package_identification:_identify(.) by extensions ['ignore', 'ignore_ament_install']
[0.065s] Level 1:colcon.colcon_core.package_identification:_identify(.) by extension 'ignore'
[0.065s] Level 1:colcon.colcon_core.package_identification:_identify(.) by extension 'ignore_ament_install'
[0.065s] Level 1:colcon.colcon_core.package_identification:_identify(.) by extensions ['colcon_pkg']
[0.065s] Level 1:colcon.colcon_core.package_identification:_identify(.) by extension 'colcon_pkg'
[0.065s] Level 1:colcon.colcon_core.package_identification:_identify(.) by extensions ['colcon_meta']
[0.065s] Level 1:colcon.colcon_core.package_identification:_identify(.) by extension 'colcon_meta'
[0.065s] Level 1:colcon.colcon_core.package_identification:_identify(.) by extensions ['ros']
[0.065s] Level 1:colcon.colcon_core.package_identification:_identify(.) by extension 'ros'
[0.077s] Level 1:colcon.colcon_core.package_identification:_identify(.) by extensions ['cmake', 'python']
[0.077s] Level 1:colcon.colcon_core.package_identification:_identify(.) by extension 'cmake'
[0.077s] Level 1:colcon.colcon_core.package_identification:_identify(.) by extension 'python'
[0.077s] Level 1:colcon.colcon_core.package_identification:_identify(.) by extensions ['python_setup_py']
[0.077s] Level 1:colcon.colcon_core.package_identification:_identify(.) by extension 'python_setup_py'
[0.077s] Level 1:colcon.colcon_core.package_identification:_identify(build) by extensions ['ignore', 'ignore_ament_install']
[0.078s] Level 1:colcon.colcon_core.package_identification:_identify(build) by extension 'ignore'
[0.078s] Level 1:colcon.colcon_core.package_identification:_identify(build) ignored
[0.078s] Level 1:colcon.colcon_core.package_identification:_identify(install) by extensions ['ignore', 'ignore_ament_install']
[0.078s] Level 1:colcon.colcon_core.package_identification:_identify(install) by extension 'ignore'
[0.078s] Level 1:colcon.colcon_core.package_identification:_identify(install) ignored
[0.078s] Level 1:colcon.colcon_core.package_identification:_identify(log) by extensions ['ignore', 'ignore_ament_install']
[0.078s] Level 1:colcon.colcon_core.package_identification:_identify(log) by extension 'ignore'
[0.078s] Level 1:colcon.colcon_core.package_identification:_identify(log) ignored
[0.078s] Level 1:colcon.colcon_core.package_identification:_identify(src) by extensions ['ignore', 'ignore_ament_install']
[0.078s] Level 1:colcon.colcon_core.package_identification:_identify(src) by extension 'ignore'
[0.078s] Level 1:colcon.colcon_core.package_identification:_identify(src) by extension 'ignore_ament_install'
[0.078s] Level 1:colcon.colcon_core.package_identification:_identify(src) by extensions ['colcon_pkg']
[0.078s] Level 1:colcon.colcon_core.package_identification:_identify(src) by extension 'colcon_pkg'
[0.078s] Level 1:colcon.colcon_core.package_identification:_identify(src) by extensions ['colcon_meta']
[0.078s] Level 1:colcon.colcon_core.package_identification:_identify(src) by extension 'colcon_meta'
[0.078s] Level 1:colcon.colcon_core.package_identification:_identify(src) by extensions ['ros']
[0.078s] Level 1:colcon.colcon_core.package_identification:_identify(src) by extension 'ros'
[0.078s] Level 1:colcon.colcon_core.package_identification:_identify(src) by extensions ['cmake', 'python']
[0.078s] Level 1:colcon.colcon_core.package_identification:_identify(src) by extension 'cmake'
[0.078s] Level 1:colcon.colcon_core.package_identification:_identify(src) by extension 'python'
[0.078s] Level 1:colcon.colcon_core.package_identification:_identify(src) by extensions ['python_setup_py']
[0.078s] Level 1:colcon.colcon_core.package_identification:_identify(src) by extension 'python_setup_py'
[0.078s] Level 1:colcon.colcon_core.package_identification:_identify(src/build) by extensions ['ignore', 'ignore_ament_install']
[0.078s] Level 1:colcon.colcon_core.package_identification:_identify(src/build) by extension 'ignore'
[0.078s] Level 1:colcon.colcon_core.package_identification:_identify(src/build) ignored
[0.078s] Level 1:colcon.colcon_core.package_identification:_identify(src/data) by extensions ['ignore', 'ignore_ament_install']
[0.078s] Level 1:colcon.colcon_core.package_identification:_identify(src/data) by extension 'ignore'
[0.078s] Level 1:colcon.colcon_core.package_identification:_identify(src/data) by extension 'ignore_ament_install'
[0.078s] Level 1:colcon.colcon_core.package_identification:_identify(src/data) by extensions ['colcon_pkg']
[0.078s] Level 1:colcon.colcon_core.package_identification:_identify(src/data) by extension 'colcon_pkg'
[0.078s] Level 1:colcon.colcon_core.package_identification:_identify(src/data) by extensions ['colcon_meta']
[0.078s] Level 1:colcon.colcon_core.package_identification:_identify(src/data) by extension 'colcon_meta'
[0.078s] Level 1:colcon.colcon_core.package_identification:_identify(src/data) by extensions ['ros']
[0.078s] Level 1:colcon.colcon_core.package_identification:_identify(src/data) by extension 'ros'
[0.078s] Level 1:colcon.colcon_core.package_identification:_identify(src/data) by extensions ['cmake', 'python']
[0.078s] Level 1:colcon.colcon_core.package_identification:_identify(src/data) by extension 'cmake'
[0.078s] Level 1:colcon.colcon_core.package_identification:_identify(src/data) by extension 'python'
[0.078s] Level 1:colcon.colcon_core.package_identification:_identify(src/data) by extensions ['python_setup_py']
[0.078s] Level 1:colcon.colcon_core.package_identification:_identify(src/data) by extension 'python_setup_py'
[0.078s] Level 1:colcon.colcon_core.package_identification:_identify(src/emg_connect) by extensions ['ignore', 'ignore_ament_install']
[0.078s] Level 1:colcon.colcon_core.package_identification:_identify(src/emg_connect) by extension 'ignore'
[0.078s] Level 1:colcon.colcon_core.package_identification:_identify(src/emg_connect) by extension 'ignore_ament_install'
[0.078s] Level 1:colcon.colcon_core.package_identification:_identify(src/emg_connect) by extensions ['colcon_pkg']
[0.078s] Level 1:colcon.colcon_core.package_identification:_identify(src/emg_connect) by extension 'colcon_pkg'
[0.078s] Level 1:colcon.colcon_core.package_identification:_identify(src/emg_connect) by extensions ['colcon_meta']
[0.078s] Level 1:colcon.colcon_core.package_identification:_identify(src/emg_connect) by extension 'colcon_meta'
[0.078s] Level 1:colcon.colcon_core.package_identification:_identify(src/emg_connect) by extensions ['ros']
[0.078s] Level 1:colcon.colcon_core.package_identification:_identify(src/emg_connect) by extension 'ros'
[0.079s] Level 1:colcon.colcon_core.package_identification:_identify(src/emg_connect) by extensions ['cmake', 'python']
[0.079s] Level 1:colcon.colcon_core.package_identification:_identify(src/emg_connect) by extension 'cmake'
[0.079s] Level 1:colcon.colcon_core.package_identification:_identify(src/emg_connect) by extension 'python'
[0.079s] Level 1:colcon.colcon_core.package_identification:_identify(src/emg_connect) by extensions ['python_setup_py']
[0.079s] Level 1:colcon.colcon_core.package_identification:_identify(src/emg_connect) by extension 'python_setup_py'
[0.079s] Level 1:colcon.colcon_core.package_identification:_identify(src/emg_connect/script) by extensions ['ignore', 'ignore_ament_install']
[0.079s] Level 1:colcon.colcon_core.package_identification:_identify(src/emg_connect/script) by extension 'ignore'
[0.079s] Level 1:colcon.colcon_core.package_identification:_identify(src/emg_connect/script) by extension 'ignore_ament_install'
[0.079s] Level 1:colcon.colcon_core.package_identification:_identify(src/emg_connect/script) by extensions ['colcon_pkg']
[0.079s] Level 1:colcon.colcon_core.package_identification:_identify(src/emg_connect/script) by extension 'colcon_pkg'
[0.079s] Level 1:colcon.colcon_core.package_identification:_identify(src/emg_connect/script) by extensions ['colcon_meta']
[0.079s] Level 1:colcon.colcon_core.package_identification:_identify(src/emg_connect/script) by extension 'colcon_meta'
[0.079s] Level 1:colcon.colcon_core.package_identification:_identify(src/emg_connect/script) by extensions ['ros']
[0.079s] Level 1:colcon.colcon_core.package_identification:_identify(src/emg_connect/script) by extension 'ros'
[0.079s] Level 1:colcon.colcon_core.package_identification:_identify(src/emg_connect/script) by extensions ['cmake', 'python']
[0.079s] Level 1:colcon.colcon_core.package_identification:_identify(src/emg_connect/script) by extension 'cmake'
[0.079s] Level 1:colcon.colcon_core.package_identification:_identify(src/emg_connect/script) by extension 'python'
[0.079s] Level 1:colcon.colcon_core.package_identification:_identify(src/emg_connect/script) by extensions ['python_setup_py']
[0.079s] Level 1:colcon.colcon_core.package_identification:_identify(src/emg_connect/script) by extension 'python_setup_py'
[0.079s] Level 1:colcon.colcon_core.package_identification:_identify(src/emg_connect/script/__pycache__) by extensions ['ignore', 'ignore_ament_install']
[0.079s] Level 1:colcon.colcon_core.package_identification:_identify(src/emg_connect/script/__pycache__) by extension 'ignore'
[0.079s] Level 1:colcon.colcon_core.package_identification:_identify(src/emg_connect/script/__pycache__) by extension 'ignore_ament_install'
[0.079s] Level 1:colcon.colcon_core.package_identification:_identify(src/emg_connect/script/__pycache__) by extensions ['colcon_pkg']
[0.079s] Level 1:colcon.colcon_core.package_identification:_identify(src/emg_connect/script/__pycache__) by extension 'colcon_pkg'
[0.079s] Level 1:colcon.colcon_core.package_identification:_identify(src/emg_connect/script/__pycache__) by extensions ['colcon_meta']
[0.079s] Level 1:colcon.colcon_core.package_identification:_identify(src/emg_connect/script/__pycache__) by extension 'colcon_meta'
[0.079s] Level 1:colcon.colcon_core.package_identification:_identify(src/emg_connect/script/__pycache__) by extensions ['ros']
[0.079s] Level 1:colcon.colcon_core.package_identification:_identify(src/emg_connect/script/__pycache__) by extension 'ros'
[0.079s] Level 1:colcon.colcon_core.package_identification:_identify(src/emg_connect/script/__pycache__) by extensions ['cmake', 'python']
[0.079s] Level 1:colcon.colcon_core.package_identification:_identify(src/emg_connect/script/__pycache__) by extension 'cmake'
[0.079s] Level 1:colcon.colcon_core.package_identification:_identify(src/emg_connect/script/__pycache__) by extension 'python'
[0.079s] Level 1:colcon.colcon_core.package_identification:_identify(src/emg_connect/script/__pycache__) by extensions ['python_setup_py']
[0.079s] Level 1:colcon.colcon_core.package_identification:_identify(src/emg_connect/script/__pycache__) by extension 'python_setup_py'
[0.079s] Level 1:colcon.colcon_core.package_identification:_identify(src/emg_device) by extensions ['ignore', 'ignore_ament_install']
[0.079s] Level 1:colcon.colcon_core.package_identification:_identify(src/emg_device) by extension 'ignore'
[0.079s] Level 1:colcon.colcon_core.package_identification:_identify(src/emg_device) by extension 'ignore_ament_install'
[0.079s] Level 1:colcon.colcon_core.package_identification:_identify(src/emg_device) by extensions ['colcon_pkg']
[0.079s] Level 1:colcon.colcon_core.package_identification:_identify(src/emg_device) by extension 'colcon_pkg'
[0.079s] Level 1:colcon.colcon_core.package_identification:_identify(src/emg_device) by extensions ['colcon_meta']
[0.079s] Level 1:colcon.colcon_core.package_identification:_identify(src/emg_device) by extension 'colcon_meta'
[0.079s] Level 1:colcon.colcon_core.package_identification:_identify(src/emg_device) by extensions ['ros']
[0.079s] Level 1:colcon.colcon_core.package_identification:_identify(src/emg_device) by extension 'ros'
[0.080s] DEBUG:colcon.colcon_core.package_identification:Package 'src/emg_device' with type 'ros.ament_python' and name 'emg_device'
[0.080s] Level 1:colcon.colcon_core.package_identification:_identify(src/emg_shadow_hand_bridge) by extensions ['ignore', 'ignore_ament_install']
[0.080s] Level 1:colcon.colcon_core.package_identification:_identify(src/emg_shadow_hand_bridge) by extension 'ignore'
[0.080s] Level 1:colcon.colcon_core.package_identification:_identify(src/emg_shadow_hand_bridge) by extension 'ignore_ament_install'
[0.080s] Level 1:colcon.colcon_core.package_identification:_identify(src/emg_shadow_hand_bridge) by extensions ['colcon_pkg']
[0.080s] Level 1:colcon.colcon_core.package_identification:_identify(src/emg_shadow_hand_bridge) by extension 'colcon_pkg'
[0.080s] Level 1:colcon.colcon_core.package_identification:_identify(src/emg_shadow_hand_bridge) by extensions ['colcon_meta']
[0.080s] Level 1:colcon.colcon_core.package_identification:_identify(src/emg_shadow_hand_bridge) by extension 'colcon_meta'
[0.081s] Level 1:colcon.colcon_core.package_identification:_identify(src/emg_shadow_hand_bridge) by extensions ['ros']
[0.081s] Level 1:colcon.colcon_core.package_identification:_identify(src/emg_shadow_hand_bridge) by extension 'ros'
[0.081s] DEBUG:colcon.colcon_core.package_identification:Package 'src/emg_shadow_hand_bridge' with type 'ros.ament_python' and name 'emg_shadow_hand_bridge'
[0.081s] Level 1:colcon.colcon_core.package_identification:_identify(src/install) by extensions ['ignore', 'ignore_ament_install']
[0.081s] Level 1:colcon.colcon_core.package_identification:_identify(src/install) by extension 'ignore'
[0.081s] Level 1:colcon.colcon_core.package_identification:_identify(src/install) ignored
[0.081s] Level 1:colcon.colcon_core.package_identification:_identify(src/log) by extensions ['ignore', 'ignore_ament_install']
[0.081s] Level 1:colcon.colcon_core.package_identification:_identify(src/log) by extension 'ignore'
[0.081s] Level 1:colcon.colcon_core.package_identification:_identify(src/log) ignored
[0.081s] Level 1:colcon.colcon_core.package_identification:_identify(src/shadow_hand_controller) by extensions ['ignore', 'ignore_ament_install']
[0.081s] Level 1:colcon.colcon_core.package_identification:_identify(src/shadow_hand_controller) by extension 'ignore'
[0.081s] Level 1:colcon.colcon_core.package_identification:_identify(src/shadow_hand_controller) by extension 'ignore_ament_install'
[0.081s] Level 1:colcon.colcon_core.package_identification:_identify(src/shadow_hand_controller) by extensions ['colcon_pkg']
[0.081s] Level 1:colcon.colcon_core.package_identification:_identify(src/shadow_hand_controller) by extension 'colcon_pkg'
[0.081s] Level 1:colcon.colcon_core.package_identification:_identify(src/shadow_hand_controller) by extensions ['colcon_meta']
[0.081s] Level 1:colcon.colcon_core.package_identification:_identify(src/shadow_hand_controller) by extension 'colcon_meta'
[0.081s] Level 1:colcon.colcon_core.package_identification:_identify(src/shadow_hand_controller) by extensions ['ros']
[0.081s] Level 1:colcon.colcon_core.package_identification:_identify(src/shadow_hand_controller) by extension 'ros'
[0.081s] DEBUG:colcon.colcon_core.package_identification:Package 'src/shadow_hand_controller' with type 'ros.ament_python' and name 'shadow_hand_controller'
[0.081s] Level 1:colcon.colcon_core.package_discovery:discover_packages(recursive) using defaults
[0.081s] Level 1:colcon.colcon_core.package_discovery:discover_packages(ignore) discover
[0.081s] Level 1:colcon.colcon_core.package_discovery:discover_packages(ignore) using defaults
[0.081s] Level 1:colcon.colcon_core.package_discovery:discover_packages(path) discover
[0.081s] Level 1:colcon.colcon_core.package_discovery:discover_packages(path) using defaults
[0.090s] Level 1:colcon.colcon_core.package_discovery:discover_packages(prefix_path) check parameters
[0.090s] Level 1:colcon.colcon_core.package_discovery:discover_packages(prefix_path) discover
[0.091s] DEBUG:colcon.colcon_installed_package_information.package_discovery:Found 457 installed packages in /opt/ros/jazzy
[0.092s] Level 1:colcon.colcon_core.package_discovery:discover_packages(prefix_path) using defaults
[0.113s] Level 5:colcon.colcon_core.verb:set package 'emg_device' build argument 'cmake_args' from command line to 'None'
[0.114s] Level 5:colcon.colcon_core.verb:set package 'emg_device' build argument 'cmake_target' from command line to 'None'
[0.114s] Level 5:colcon.colcon_core.verb:set package 'emg_device' build argument 'cmake_target_skip_unavailable' from command line to 'False'
[0.114s] Level 5:colcon.colcon_core.verb:set package 'emg_device' build argument 'cmake_clean_cache' from command line to 'False'
[0.114s] Level 5:colcon.colcon_core.verb:set package 'emg_device' build argument 'cmake_clean_first' from command line to 'False'
[0.114s] Level 5:colcon.colcon_core.verb:set package 'emg_device' build argument 'cmake_force_configure' from command line to 'False'
[0.114s] Level 5:colcon.colcon_core.verb:set package 'emg_device' build argument 'ament_cmake_args' from command line to 'None'
[0.114s] Level 5:colcon.colcon_core.verb:set package 'emg_device' build argument 'catkin_cmake_args' from command line to 'None'
[0.114s] Level 5:colcon.colcon_core.verb:set package 'emg_device' build argument 'catkin_skip_building_tests' from command line to 'False'
[0.114s] DEBUG:colcon.colcon_core.verb:Building package 'emg_device' with the following arguments: {'ament_cmake_args': None, 'build_base': '/home/meow/ros2_ws/build/emg_device', 'catkin_cmake_args': None, 'catkin_skip_building_tests': False, 'cmake_args': None, 'cmake_clean_cache': False, 'cmake_clean_first': False, 'cmake_force_configure': False, 'cmake_target': None, 'cmake_target_skip_unavailable': False, 'install_base': '/home/meow/ros2_ws/install/emg_device', 'merge_install': False, 'path': '/home/meow/ros2_ws/src/emg_device', 'symlink_install': True, 'test_result_base': None}
[0.114s] Level 5:colcon.colcon_core.verb:set package 'emg_shadow_hand_bridge' build argument 'cmake_args' from command line to 'None'
[0.114s] Level 5:colcon.colcon_core.verb:set package 'emg_shadow_hand_bridge' build argument 'cmake_target' from command line to 'None'
[0.114s] Level 5:colcon.colcon_core.verb:set package 'emg_shadow_hand_bridge' build argument 'cmake_target_skip_unavailable' from command line to 'False'
[0.114s] Level 5:colcon.colcon_core.verb:set package 'emg_shadow_hand_bridge' build argument 'cmake_clean_cache' from command line to 'False'
[0.114s] Level 5:colcon.colcon_core.verb:set package 'emg_shadow_hand_bridge' build argument 'cmake_clean_first' from command line to 'False'
[0.114s] Level 5:colcon.colcon_core.verb:set package 'emg_shadow_hand_bridge' build argument 'cmake_force_configure' from command line to 'False'
[0.114s] Level 5:colcon.colcon_core.verb:set package 'emg_shadow_hand_bridge' build argument 'ament_cmake_args' from command line to 'None'
[0.114s] Level 5:colcon.colcon_core.verb:set package 'emg_shadow_hand_bridge' build argument 'catkin_cmake_args' from command line to 'None'
[0.114s] Level 5:colcon.colcon_core.verb:set package 'emg_shadow_hand_bridge' build argument 'catkin_skip_building_tests' from command line to 'False'
[0.114s] DEBUG:colcon.colcon_core.verb:Building package 'emg_shadow_hand_bridge' with the following arguments: {'ament_cmake_args': None, 'build_base': '/home/meow/ros2_ws/build/emg_shadow_hand_bridge', 'catkin_cmake_args': None, 'catkin_skip_building_tests': False, 'cmake_args': None, 'cmake_clean_cache': False, 'cmake_clean_first': False, 'cmake_force_configure': False, 'cmake_target': None, 'cmake_target_skip_unavailable': False, 'install_base': '/home/meow/ros2_ws/install/emg_shadow_hand_bridge', 'merge_install': False, 'path': '/home/meow/ros2_ws/src/emg_shadow_hand_bridge', 'symlink_install': True, 'test_result_base': None}
[0.114s] Level 5:colcon.colcon_core.verb:set package 'shadow_hand_controller' build argument 'cmake_args' from command line to 'None'
[0.114s] Level 5:colcon.colcon_core.verb:set package 'shadow_hand_controller' build argument 'cmake_target' from command line to 'None'
[0.114s] Level 5:colcon.colcon_core.verb:set package 'shadow_hand_controller' build argument 'cmake_target_skip_unavailable' from command line to 'False'
[0.114s] Level 5:colcon.colcon_core.verb:set package 'shadow_hand_controller' build argument 'cmake_clean_cache' from command line to 'False'
[0.114s] Level 5:colcon.colcon_core.verb:set package 'shadow_hand_controller' build argument 'cmake_clean_first' from command line to 'False'
[0.114s] Level 5:colcon.colcon_core.verb:set package 'shadow_hand_controller' build argument 'cmake_force_configure' from command line to 'False'
[0.114s] Level 5:colcon.colcon_core.verb:set package 'shadow_hand_controller' build argument 'ament_cmake_args' from command line to 'None'
[0.114s] Level 5:colcon.colcon_core.verb:set package 'shadow_hand_controller' build argument 'catkin_cmake_args' from command line to 'None'
[0.114s] Level 5:colcon.colcon_core.verb:set package 'shadow_hand_controller' build argument 'catkin_skip_building_tests' from command line to 'False'
[0.114s] DEBUG:colcon.colcon_core.verb:Building package 'shadow_hand_controller' with the following arguments: {'ament_cmake_args': None, 'build_base': '/home/meow/ros2_ws/build/shadow_hand_controller', 'catkin_cmake_args': None, 'catkin_skip_building_tests': False, 'cmake_args': None, 'cmake_clean_cache': False, 'cmake_clean_first': False, 'cmake_force_configure': False, 'cmake_target': None, 'cmake_target_skip_unavailable': False, 'install_base': '/home/meow/ros2_ws/install/shadow_hand_controller', 'merge_install': False, 'path': '/home/meow/ros2_ws/src/shadow_hand_controller', 'symlink_install': True, 'test_result_base': None}
[0.114s] INFO:colcon.colcon_core.executor:Executing jobs using 'parallel' executor
[0.115s] DEBUG:colcon.colcon_parallel_executor.executor.parallel:run_until_complete
[0.115s] INFO:colcon.colcon_ros.task.ament_python.build:Building ROS package in '/home/meow/ros2_ws/src/emg_device' with build type 'ament_python'
[0.115s] Level 1:colcon.colcon_core.shell:create_environment_hook('emg_device', 'ament_prefix_path')
[0.115s] INFO:colcon.colcon_core.plugin_system:Skipping extension 'colcon_core.shell.bat': Not used on non-Windows systems
[0.116s] INFO:colcon.colcon_core.shell:Creating environment hook '/home/meow/ros2_ws/install/emg_device/share/emg_device/hook/ament_prefix_path.ps1'
[0.116s] INFO:colcon.colcon_core.shell:Creating environment descriptor '/home/meow/ros2_ws/install/emg_device/share/emg_device/hook/ament_prefix_path.dsv'
[0.116s] INFO:colcon.colcon_core.shell:Creating environment hook '/home/meow/ros2_ws/install/emg_device/share/emg_device/hook/ament_prefix_path.sh'
[0.116s] INFO:colcon.colcon_core.shell:Skip shell extension 'powershell' for command environment: Not usable outside of PowerShell
[0.116s] DEBUG:colcon.colcon_core.shell:Skip shell extension 'dsv' for command environment
[0.118s] INFO:colcon.colcon_ros.task.ament_python.build:Building ROS package in '/home/meow/ros2_ws/src/emg_shadow_hand_bridge' with build type 'ament_python'
[0.118s] Level 1:colcon.colcon_core.shell:create_environment_hook('emg_shadow_hand_bridge', 'ament_prefix_path')
[0.118s] INFO:colcon.colcon_core.shell:Creating environment hook '/home/meow/ros2_ws/install/emg_shadow_hand_bridge/share/emg_shadow_hand_bridge/hook/ament_prefix_path.ps1'
[0.118s] INFO:colcon.colcon_core.shell:Creating environment descriptor '/home/meow/ros2_ws/install/emg_shadow_hand_bridge/share/emg_shadow_hand_bridge/hook/ament_prefix_path.dsv'
[0.118s] INFO:colcon.colcon_core.shell:Creating environment hook '/home/meow/ros2_ws/install/emg_shadow_hand_bridge/share/emg_shadow_hand_bridge/hook/ament_prefix_path.sh'
[0.118s] INFO:colcon.colcon_core.shell:Skip shell extension 'powershell' for command environment: Not usable outside of PowerShell
[0.118s] DEBUG:colcon.colcon_core.shell:Skip shell extension 'dsv' for command environment
[0.120s] INFO:colcon.colcon_ros.task.ament_python.build:Building ROS package in '/home/meow/ros2_ws/src/shadow_hand_controller' with build type 'ament_python'
[0.120s] Level 1:colcon.colcon_core.shell:create_environment_hook('shadow_hand_controller', 'ament_prefix_path')
[0.120s] INFO:colcon.colcon_core.shell:Creating environment hook '/home/meow/ros2_ws/install/shadow_hand_controller/share/shadow_hand_controller/hook/ament_prefix_path.ps1'
[0.120s] INFO:colcon.colcon_core.shell:Creating environment descriptor '/home/meow/ros2_ws/install/shadow_hand_controller/share/shadow_hand_controller/hook/ament_prefix_path.dsv'
[0.120s] INFO:colcon.colcon_core.shell:Creating environment hook '/home/meow/ros2_ws/install/shadow_hand_controller/share/shadow_hand_controller/hook/ament_prefix_path.sh'
[0.120s] INFO:colcon.colcon_core.shell:Skip shell extension 'powershell' for command environment: Not usable outside of PowerShell
[0.120s] DEBUG:colcon.colcon_core.shell:Skip shell extension 'dsv' for command environment
[0.230s] INFO:colcon.colcon_core.task.python.build:Building Python package in '/home/meow/ros2_ws/src/emg_device'
[0.230s] INFO:colcon.colcon_core.shell:Skip shell extension 'powershell' for command environment: Not usable outside of PowerShell
[0.230s] DEBUG:colcon.colcon_core.shell:Skip shell extension 'dsv' for command environment
[0.332s] INFO:colcon.colcon_core.task.python.build:Building Python package in '/home/meow/ros2_ws/src/emg_shadow_hand_bridge'
[0.332s] INFO:colcon.colcon_core.shell:Skip shell extension 'powershell' for command environment: Not usable outside of PowerShell
[0.332s] DEBUG:colcon.colcon_core.shell:Skip shell extension 'dsv' for command environment
[0.442s] INFO:colcon.colcon_core.task.python.build:Building Python package in '/home/meow/ros2_ws/src/shadow_hand_controller'
[0.442s] INFO:colcon.colcon_core.shell:Skip shell extension 'powershell' for command environment: Not usable outside of PowerShell
[0.442s] DEBUG:colcon.colcon_core.shell:Skip shell extension 'dsv' for command environment
[0.705s] DEBUG:colcon.colcon_core.event_handler.log_command:Invoking command in '/home/meow/ros2_ws/build/shadow_hand_controller': CONDA_PROMPT_MODIFIER=(test) DEBUGINFOD_URLS=https://debuginfod.ubuntu.com PYTHONPATH=/home/meow/ros2_ws/build/shadow_hand_controller/prefix_override:/usr/lib/python3/dist-packages/colcon_core/task/python/colcon_distutils_commands:/home/meow/ros2_ws/install/shadow_hand_controller/lib/python3.12/site-packages:${PYTHONPATH} /usr/bin/python3 -W ignore:setup.py install is deprecated -W ignore:easy_install command is deprecated setup.py develop --editable --build-directory /home/meow/ros2_ws/build/shadow_hand_controller/build --no-deps symlink_data
[0.707s] DEBUG:colcon.colcon_core.event_handler.log_command:Invoking command in '/home/meow/ros2_ws/build/emg_shadow_hand_bridge': CONDA_PROMPT_MODIFIER=(test) DEBUGINFOD_URLS=https://debuginfod.ubuntu.com PYTHONPATH=/home/meow/ros2_ws/build/emg_shadow_hand_bridge/prefix_override:/usr/lib/python3/dist-packages/colcon_core/task/python/colcon_distutils_commands:/home/meow/ros2_ws/install/emg_shadow_hand_bridge/lib/python3.12/site-packages:${PYTHONPATH} /usr/bin/python3 -W ignore:setup.py install is deprecated -W ignore:easy_install command is deprecated setup.py develop --editable --build-directory /home/meow/ros2_ws/build/emg_shadow_hand_bridge/build --no-deps symlink_data
[0.731s] DEBUG:colcon.colcon_core.event_handler.log_command:Invoking command in '/home/meow/ros2_ws/build/emg_device': CONDA_PROMPT_MODIFIER=(test) DEBUGINFOD_URLS=https://debuginfod.ubuntu.com PYTHONPATH=/home/meow/ros2_ws/build/emg_device/prefix_override:/usr/lib/python3/dist-packages/colcon_core/task/python/colcon_distutils_commands:/home/meow/ros2_ws/install/emg_device/lib/python3.12/site-packages:${PYTHONPATH} /usr/bin/python3 -W ignore:setup.py install is deprecated -W ignore:easy_install command is deprecated setup.py develop --editable --build-directory /home/meow/ros2_ws/build/emg_device/build --no-deps symlink_data
[0.991s] Level 1:colcon.colcon_core.shell:create_environment_hook('emg_shadow_hand_bridge', 'pythonpath_develop')
[0.991s] INFO:colcon.colcon_core.shell:Creating environment hook '/home/meow/ros2_ws/build/emg_shadow_hand_bridge/share/emg_shadow_hand_bridge/hook/pythonpath_develop.ps1'
[0.991s] DEBUG:colcon.colcon_core.event_handler.log_command:Invoked command in '/home/meow/ros2_ws/build/emg_shadow_hand_bridge' returned '0': CONDA_PROMPT_MODIFIER=(test) DEBUGINFOD_URLS=https://debuginfod.ubuntu.com PYTHONPATH=/home/meow/ros2_ws/build/emg_shadow_hand_bridge/prefix_override:/usr/lib/python3/dist-packages/colcon_core/task/python/colcon_distutils_commands:/home/meow/ros2_ws/install/emg_shadow_hand_bridge/lib/python3.12/site-packages:${PYTHONPATH} /usr/bin/python3 -W ignore:setup.py install is deprecated -W ignore:easy_install command is deprecated setup.py develop --editable --build-directory /home/meow/ros2_ws/build/emg_shadow_hand_bridge/build --no-deps symlink_data
[0.992s] INFO:colcon.colcon_core.shell:Creating environment descriptor '/home/meow/ros2_ws/build/emg_shadow_hand_bridge/share/emg_shadow_hand_bridge/hook/pythonpath_develop.dsv'
[0.992s] INFO:colcon.colcon_core.shell:Creating environment hook '/home/meow/ros2_ws/build/emg_shadow_hand_bridge/share/emg_shadow_hand_bridge/hook/pythonpath_develop.sh'
[0.993s] Level 1:colcon.colcon_core.environment:checking '/home/meow/ros2_ws/install/emg_shadow_hand_bridge' for CMake module files
[0.993s] Level 1:colcon.colcon_core.environment:checking '/home/meow/ros2_ws/install/emg_shadow_hand_bridge' for CMake config files
[0.994s] Level 1:colcon.colcon_core.environment:checking '/home/meow/ros2_ws/install/emg_shadow_hand_bridge/lib'
[0.994s] Level 1:colcon.colcon_core.environment:checking '/home/meow/ros2_ws/install/emg_shadow_hand_bridge/bin'
[0.994s] Level 1:colcon.colcon_core.environment:checking '/home/meow/ros2_ws/install/emg_shadow_hand_bridge/lib/pkgconfig/emg_shadow_hand_bridge.pc'
[0.994s] Level 1:colcon.colcon_core.environment:checking '/home/meow/ros2_ws/install/emg_shadow_hand_bridge/lib/python3.12/site-packages'
[0.994s] Level 1:colcon.colcon_core.shell:create_environment_hook('emg_shadow_hand_bridge', 'pythonpath')
[0.994s] INFO:colcon.colcon_core.shell:Creating environment hook '/home/meow/ros2_ws/install/emg_shadow_hand_bridge/share/emg_shadow_hand_bridge/hook/pythonpath.ps1'
[0.994s] INFO:colcon.colcon_core.shell:Creating environment descriptor '/home/meow/ros2_ws/install/emg_shadow_hand_bridge/share/emg_shadow_hand_bridge/hook/pythonpath.dsv'
[0.994s] INFO:colcon.colcon_core.shell:Creating environment hook '/home/meow/ros2_ws/install/emg_shadow_hand_bridge/share/emg_shadow_hand_bridge/hook/pythonpath.sh'
[0.995s] Level 1:colcon.colcon_core.environment:checking '/home/meow/ros2_ws/install/emg_shadow_hand_bridge/bin'
[0.995s] Level 1:colcon.colcon_core.environment:create_environment_scripts_only(emg_shadow_hand_bridge)
[0.995s] INFO:colcon.colcon_core.shell:Creating package script '/home/meow/ros2_ws/install/emg_shadow_hand_bridge/share/emg_shadow_hand_bridge/package.ps1'
[0.996s] INFO:colcon.colcon_core.shell:Creating package descriptor '/home/meow/ros2_ws/install/emg_shadow_hand_bridge/share/emg_shadow_hand_bridge/package.dsv'
[0.996s] INFO:colcon.colcon_core.shell:Creating package script '/home/meow/ros2_ws/install/emg_shadow_hand_bridge/share/emg_shadow_hand_bridge/package.sh'
[0.997s] INFO:colcon.colcon_core.shell:Creating package script '/home/meow/ros2_ws/install/emg_shadow_hand_bridge/share/emg_shadow_hand_bridge/package.bash'
[0.997s] INFO:colcon.colcon_core.shell:Creating package script '/home/meow/ros2_ws/install/emg_shadow_hand_bridge/share/emg_shadow_hand_bridge/package.zsh'
[0.997s] Level 1:colcon.colcon_core.environment:create_file_with_runtime_dependencies(/home/meow/ros2_ws/install/emg_shadow_hand_bridge/share/colcon-core/packages/emg_shadow_hand_bridge)
[1.013s] Level 1:colcon.colcon_core.shell:create_environment_hook('emg_device', 'pythonpath_develop')
[1.013s] INFO:colcon.colcon_core.shell:Creating environment hook '/home/meow/ros2_ws/build/emg_device/share/emg_device/hook/pythonpath_develop.ps1'
[1.013s] DEBUG:colcon.colcon_core.event_handler.log_command:Invoked command in '/home/meow/ros2_ws/build/emg_device' returned '0': CONDA_PROMPT_MODIFIER=(test) DEBUGINFOD_URLS=https://debuginfod.ubuntu.com PYTHONPATH=/home/meow/ros2_ws/build/emg_device/prefix_override:/usr/lib/python3/dist-packages/colcon_core/task/python/colcon_distutils_commands:/home/meow/ros2_ws/install/emg_device/lib/python3.12/site-packages:${PYTHONPATH} /usr/bin/python3 -W ignore:setup.py install is deprecated -W ignore:easy_install command is deprecated setup.py develop --editable --build-directory /home/meow/ros2_ws/build/emg_device/build --no-deps symlink_data
[1.013s] INFO:colcon.colcon_core.shell:Creating environment descriptor '/home/meow/ros2_ws/build/emg_device/share/emg_device/hook/pythonpath_develop.dsv'
[1.014s] INFO:colcon.colcon_core.shell:Creating environment hook '/home/meow/ros2_ws/build/emg_device/share/emg_device/hook/pythonpath_develop.sh'
[1.014s] Level 1:colcon.colcon_core.environment:checking '/home/meow/ros2_ws/install/emg_device' for CMake module files
[1.014s] Level 1:colcon.colcon_core.environment:checking '/home/meow/ros2_ws/install/emg_device' for CMake config files
[1.014s] Level 1:colcon.colcon_core.environment:checking '/home/meow/ros2_ws/install/emg_device/lib'
[1.014s] Level 1:colcon.colcon_core.environment:checking '/home/meow/ros2_ws/install/emg_device/bin'
[1.015s] Level 1:colcon.colcon_core.environment:checking '/home/meow/ros2_ws/install/emg_device/lib/pkgconfig/emg_device.pc'
[1.015s] Level 1:colcon.colcon_core.environment:checking '/home/meow/ros2_ws/install/emg_device/lib/python3.12/site-packages'
[1.015s] Level 1:colcon.colcon_core.shell:create_environment_hook('emg_device', 'pythonpath')
[1.015s] INFO:colcon.colcon_core.shell:Creating environment hook '/home/meow/ros2_ws/install/emg_device/share/emg_device/hook/pythonpath.ps1'
[1.015s] INFO:colcon.colcon_core.shell:Creating environment descriptor '/home/meow/ros2_ws/install/emg_device/share/emg_device/hook/pythonpath.dsv'
[1.015s] INFO:colcon.colcon_core.shell:Creating environment hook '/home/meow/ros2_ws/install/emg_device/share/emg_device/hook/pythonpath.sh'
[1.015s] Level 1:colcon.colcon_core.environment:checking '/home/meow/ros2_ws/install/emg_device/bin'
[1.015s] Level 1:colcon.colcon_core.environment:create_environment_scripts_only(emg_device)
[1.016s] INFO:colcon.colcon_core.shell:Creating package script '/home/meow/ros2_ws/install/emg_device/share/emg_device/package.ps1'
[1.016s] INFO:colcon.colcon_core.shell:Creating package descriptor '/home/meow/ros2_ws/install/emg_device/share/emg_device/package.dsv'
[1.016s] INFO:colcon.colcon_core.shell:Creating package script '/home/meow/ros2_ws/install/emg_device/share/emg_device/package.sh'
[1.016s] INFO:colcon.colcon_core.shell:Creating package script '/home/meow/ros2_ws/install/emg_device/share/emg_device/package.bash'
[1.017s] INFO:colcon.colcon_core.shell:Creating package script '/home/meow/ros2_ws/install/emg_device/share/emg_device/package.zsh'
[1.017s] Level 1:colcon.colcon_core.environment:create_file_with_runtime_dependencies(/home/meow/ros2_ws/install/emg_device/share/colcon-core/packages/emg_device)
[1.017s] Level 1:colcon.colcon_core.shell:create_environment_hook('shadow_hand_controller', 'pythonpath_develop')
[1.017s] INFO:colcon.colcon_core.shell:Creating environment hook '/home/meow/ros2_ws/build/shadow_hand_controller/share/shadow_hand_controller/hook/pythonpath_develop.ps1'
[1.017s] DEBUG:colcon.colcon_core.event_handler.log_command:Invoked command in '/home/meow/ros2_ws/build/shadow_hand_controller' returned '0': CONDA_PROMPT_MODIFIER=(test) DEBUGINFOD_URLS=https://debuginfod.ubuntu.com PYTHONPATH=/home/meow/ros2_ws/build/shadow_hand_controller/prefix_override:/usr/lib/python3/dist-packages/colcon_core/task/python/colcon_distutils_commands:/home/meow/ros2_ws/install/shadow_hand_controller/lib/python3.12/site-packages:${PYTHONPATH} /usr/bin/python3 -W ignore:setup.py install is deprecated -W ignore:easy_install command is deprecated setup.py develop --editable --build-directory /home/meow/ros2_ws/build/shadow_hand_controller/build --no-deps symlink_data
[1.018s] INFO:colcon.colcon_core.shell:Creating environment descriptor '/home/meow/ros2_ws/build/shadow_hand_controller/share/shadow_hand_controller/hook/pythonpath_develop.dsv'
[1.018s] INFO:colcon.colcon_core.shell:Creating environment hook '/home/meow/ros2_ws/build/shadow_hand_controller/share/shadow_hand_controller/hook/pythonpath_develop.sh'
[1.018s] Level 1:colcon.colcon_core.environment:checking '/home/meow/ros2_ws/install/shadow_hand_controller' for CMake module files
[1.018s] Level 1:colcon.colcon_core.environment:checking '/home/meow/ros2_ws/install/shadow_hand_controller' for CMake config files
[1.018s] Level 1:colcon.colcon_core.environment:checking '/home/meow/ros2_ws/install/shadow_hand_controller/lib'
[1.019s] Level 1:colcon.colcon_core.environment:checking '/home/meow/ros2_ws/install/shadow_hand_controller/bin'
[1.019s] Level 1:colcon.colcon_core.environment:checking '/home/meow/ros2_ws/install/shadow_hand_controller/lib/pkgconfig/shadow_hand_controller.pc'
[1.019s] Level 1:colcon.colcon_core.environment:checking '/home/meow/ros2_ws/install/shadow_hand_controller/lib/python3.12/site-packages'
[1.019s] Level 1:colcon.colcon_core.shell:create_environment_hook('shadow_hand_controller', 'pythonpath')
[1.019s] INFO:colcon.colcon_core.shell:Creating environment hook '/home/meow/ros2_ws/install/shadow_hand_controller/share/shadow_hand_controller/hook/pythonpath.ps1'
[1.019s] INFO:colcon.colcon_core.shell:Creating environment descriptor '/home/meow/ros2_ws/install/shadow_hand_controller/share/shadow_hand_controller/hook/pythonpath.dsv'
[1.019s] INFO:colcon.colcon_core.shell:Creating environment hook '/home/meow/ros2_ws/install/shadow_hand_controller/share/shadow_hand_controller/hook/pythonpath.sh'
[1.019s] Level 1:colcon.colcon_core.environment:checking '/home/meow/ros2_ws/install/shadow_hand_controller/bin'
[1.019s] Level 1:colcon.colcon_core.environment:create_environment_scripts_only(shadow_hand_controller)
[1.020s] INFO:colcon.colcon_core.shell:Creating package script '/home/meow/ros2_ws/install/shadow_hand_controller/share/shadow_hand_controller/package.ps1'
[1.020s] INFO:colcon.colcon_core.shell:Creating package descriptor '/home/meow/ros2_ws/install/shadow_hand_controller/share/shadow_hand_controller/package.dsv'
[1.020s] INFO:colcon.colcon_core.shell:Creating package script '/home/meow/ros2_ws/install/shadow_hand_controller/share/shadow_hand_controller/package.sh'
[1.020s] INFO:colcon.colcon_core.shell:Creating package script '/home/meow/ros2_ws/install/shadow_hand_controller/share/shadow_hand_controller/package.bash'
[1.020s] INFO:colcon.colcon_core.shell:Creating package script '/home/meow/ros2_ws/install/shadow_hand_controller/share/shadow_hand_controller/package.zsh'
[1.020s] Level 1:colcon.colcon_core.environment:create_file_with_runtime_dependencies(/home/meow/ros2_ws/install/shadow_hand_controller/share/colcon-core/packages/shadow_hand_controller)
[1.021s] DEBUG:colcon.colcon_parallel_executor.executor.parallel:closing loop
[1.021s] DEBUG:colcon.colcon_parallel_executor.executor.parallel:loop closed
[1.021s] DEBUG:colcon.colcon_parallel_executor.executor.parallel:run_until_complete finished with '0'
[1.021s] DEBUG:colcon.colcon_core.event_reactor:joining thread
[1.032s] INFO:colcon.colcon_core.plugin_system:Skipping extension 'colcon_notification.desktop_notification.terminal_notifier': Not used on non-Darwin systems
[1.032s] INFO:colcon.colcon_core.plugin_system:Skipping extension 'colcon_notification.desktop_notification.win32': Not used on non-Windows systems
[1.032s] INFO:colcon.colcon_notification.desktop_notification:Sending desktop notification using 'notify2'
[1.036s] DEBUG:colcon.colcon_core.event_reactor:joined thread
[1.037s] INFO:colcon.colcon_core.shell:Creating prefix script '/home/meow/ros2_ws/install/local_setup.ps1'
[1.037s] INFO:colcon.colcon_core.shell:Creating prefix util module '/home/meow/ros2_ws/install/_local_setup_util_ps1.py'
[1.038s] INFO:colcon.colcon_core.shell:Creating prefix chain script '/home/meow/ros2_ws/install/setup.ps1'
[1.038s] INFO:colcon.colcon_core.shell:Creating prefix script '/home/meow/ros2_ws/install/local_setup.sh'
[1.038s] INFO:colcon.colcon_core.shell:Creating prefix util module '/home/meow/ros2_ws/install/_local_setup_util_sh.py'
[1.038s] INFO:colcon.colcon_core.shell:Creating prefix chain script '/home/meow/ros2_ws/install/setup.sh'
[1.039s] INFO:colcon.colcon_core.shell:Creating prefix script '/home/meow/ros2_ws/install/local_setup.bash'
[1.039s] INFO:colcon.colcon_core.shell:Creating prefix chain script '/home/meow/ros2_ws/install/setup.bash'
[1.039s] INFO:colcon.colcon_core.shell:Creating prefix script '/home/meow/ros2_ws/install/local_setup.zsh'
[1.040s] INFO:colcon.colcon_core.shell:Creating prefix chain script '/home/meow/ros2_ws/install/setup.zsh'
