[0.054s] DEBUG:colcon:Command line arguments: ['/usr/bin/colcon', 'build']
[0.054s] DEBUG:colcon:Parsed command line arguments: Namespace(log_base=None, log_level=None, verb_name='build', build_base='build', install_base='install', merge_install=False, symlink_install=False, test_result_base=None, continue_on_error=False, executor='parallel', parallel_workers=20, event_handlers=None, ignore_user_meta=False, metas=['./colcon.meta'], base_paths=['.'], packages_ignore=None, packages_ignore_regex=None, paths=None, packages_up_to=None, packages_up_to_regex=None, packages_above=None, packages_above_and_dependencies=None, packages_above_depth=None, packages_select_by_dep=None, packages_skip_by_dep=None, packages_skip_up_to=None, packages_select_build_failed=False, packages_skip_build_finished=False, packages_select_test_failures=False, packages_skip_test_passed=False, packages_select=None, packages_skip=None, packages_select_regex=None, packages_skip_regex=None, packages_start=None, packages_end=None, allow_overriding=[], cmake_args=None, cmake_target=None, cmake_target_skip_unavailable=False, cmake_clean_cache=False, cmake_clean_first=False, cmake_force_configure=False, ament_cmake_args=None, catkin_cmake_args=None, catkin_skip_building_tests=False, mixin_files=None, mixin=None, verb_parser=<colcon_mixin.mixin.mixin_argument.MixinArgumentDecorator object at 0x770361ca14f0>, verb_extension=<colcon_core.verb.build.BuildVerb object at 0x770361ca1250>, main=<bound method BuildVerb.main of <colcon_core.verb.build.BuildVerb object at 0x770361ca1250>>, mixin_verb=('build',))
[0.071s] Level 1:colcon.colcon_core.package_discovery:discover_packages(colcon_meta) check parameters
[0.071s] Level 1:colcon.colcon_core.package_discovery:discover_packages(recursive) check parameters
[0.071s] Level 1:colcon.colcon_core.package_discovery:discover_packages(ignore) check parameters
[0.071s] Level 1:colcon.colcon_core.package_discovery:discover_packages(path) check parameters
[0.071s] Level 1:colcon.colcon_core.package_discovery:discover_packages(colcon_meta) discover
[0.072s] Level 1:colcon.colcon_core.package_discovery:discover_packages(recursive) discover
[0.072s] INFO:colcon.colcon_core.package_discovery:Crawling recursively for packages in '/home/meow/ros2_ws/src'
[0.072s] Level 1:colcon.colcon_core.package_identification:_identify(.) by extensions ['ignore', 'ignore_ament_install']
[0.072s] Level 1:colcon.colcon_core.package_identification:_identify(.) by extension 'ignore'
[0.072s] Level 1:colcon.colcon_core.package_identification:_identify(.) by extension 'ignore_ament_install'
[0.072s] Level 1:colcon.colcon_core.package_identification:_identify(.) by extensions ['colcon_pkg']
[0.072s] Level 1:colcon.colcon_core.package_identification:_identify(.) by extension 'colcon_pkg'
[0.072s] Level 1:colcon.colcon_core.package_identification:_identify(.) by extensions ['colcon_meta']
[0.072s] Level 1:colcon.colcon_core.package_identification:_identify(.) by extension 'colcon_meta'
[0.072s] Level 1:colcon.colcon_core.package_identification:_identify(.) by extensions ['ros']
[0.072s] Level 1:colcon.colcon_core.package_identification:_identify(.) by extension 'ros'
[0.083s] Level 1:colcon.colcon_core.package_identification:_identify(.) by extensions ['cmake', 'python']
[0.084s] Level 1:colcon.colcon_core.package_identification:_identify(.) by extension 'cmake'
[0.084s] Level 1:colcon.colcon_core.package_identification:_identify(.) by extension 'python'
[0.084s] Level 1:colcon.colcon_core.package_identification:_identify(.) by extensions ['python_setup_py']
[0.084s] Level 1:colcon.colcon_core.package_identification:_identify(.) by extension 'python_setup_py'
[0.084s] Level 1:colcon.colcon_core.package_identification:_identify(build) by extensions ['ignore', 'ignore_ament_install']
[0.084s] Level 1:colcon.colcon_core.package_identification:_identify(build) by extension 'ignore'
[0.084s] Level 1:colcon.colcon_core.package_identification:_identify(build) ignored
[0.084s] Level 1:colcon.colcon_core.package_identification:_identify(data) by extensions ['ignore', 'ignore_ament_install']
[0.084s] Level 1:colcon.colcon_core.package_identification:_identify(data) by extension 'ignore'
[0.084s] Level 1:colcon.colcon_core.package_identification:_identify(data) by extension 'ignore_ament_install'
[0.084s] Level 1:colcon.colcon_core.package_identification:_identify(data) by extensions ['colcon_pkg']
[0.084s] Level 1:colcon.colcon_core.package_identification:_identify(data) by extension 'colcon_pkg'
[0.084s] Level 1:colcon.colcon_core.package_identification:_identify(data) by extensions ['colcon_meta']
[0.084s] Level 1:colcon.colcon_core.package_identification:_identify(data) by extension 'colcon_meta'
[0.084s] Level 1:colcon.colcon_core.package_identification:_identify(data) by extensions ['ros']
[0.084s] Level 1:colcon.colcon_core.package_identification:_identify(data) by extension 'ros'
[0.084s] Level 1:colcon.colcon_core.package_identification:_identify(data) by extensions ['cmake', 'python']
[0.084s] Level 1:colcon.colcon_core.package_identification:_identify(data) by extension 'cmake'
[0.084s] Level 1:colcon.colcon_core.package_identification:_identify(data) by extension 'python'
[0.084s] Level 1:colcon.colcon_core.package_identification:_identify(data) by extensions ['python_setup_py']
[0.084s] Level 1:colcon.colcon_core.package_identification:_identify(data) by extension 'python_setup_py'
[0.084s] Level 1:colcon.colcon_core.package_identification:_identify(emg_connect) by extensions ['ignore', 'ignore_ament_install']
[0.084s] Level 1:colcon.colcon_core.package_identification:_identify(emg_connect) by extension 'ignore'
[0.084s] Level 1:colcon.colcon_core.package_identification:_identify(emg_connect) by extension 'ignore_ament_install'
[0.084s] Level 1:colcon.colcon_core.package_identification:_identify(emg_connect) by extensions ['colcon_pkg']
[0.084s] Level 1:colcon.colcon_core.package_identification:_identify(emg_connect) by extension 'colcon_pkg'
[0.084s] Level 1:colcon.colcon_core.package_identification:_identify(emg_connect) by extensions ['colcon_meta']
[0.084s] Level 1:colcon.colcon_core.package_identification:_identify(emg_connect) by extension 'colcon_meta'
[0.084s] Level 1:colcon.colcon_core.package_identification:_identify(emg_connect) by extensions ['ros']
[0.084s] Level 1:colcon.colcon_core.package_identification:_identify(emg_connect) by extension 'ros'
[0.084s] Level 1:colcon.colcon_core.package_identification:_identify(emg_connect) by extensions ['cmake', 'python']
[0.084s] Level 1:colcon.colcon_core.package_identification:_identify(emg_connect) by extension 'cmake'
[0.084s] Level 1:colcon.colcon_core.package_identification:_identify(emg_connect) by extension 'python'
[0.084s] Level 1:colcon.colcon_core.package_identification:_identify(emg_connect) by extensions ['python_setup_py']
[0.084s] Level 1:colcon.colcon_core.package_identification:_identify(emg_connect) by extension 'python_setup_py'
[0.084s] Level 1:colcon.colcon_core.package_identification:_identify(emg_connect/script) by extensions ['ignore', 'ignore_ament_install']
[0.084s] Level 1:colcon.colcon_core.package_identification:_identify(emg_connect/script) by extension 'ignore'
[0.084s] Level 1:colcon.colcon_core.package_identification:_identify(emg_connect/script) by extension 'ignore_ament_install'
[0.084s] Level 1:colcon.colcon_core.package_identification:_identify(emg_connect/script) by extensions ['colcon_pkg']
[0.084s] Level 1:colcon.colcon_core.package_identification:_identify(emg_connect/script) by extension 'colcon_pkg'
[0.084s] Level 1:colcon.colcon_core.package_identification:_identify(emg_connect/script) by extensions ['colcon_meta']
[0.084s] Level 1:colcon.colcon_core.package_identification:_identify(emg_connect/script) by extension 'colcon_meta'
[0.084s] Level 1:colcon.colcon_core.package_identification:_identify(emg_connect/script) by extensions ['ros']
[0.084s] Level 1:colcon.colcon_core.package_identification:_identify(emg_connect/script) by extension 'ros'
[0.084s] Level 1:colcon.colcon_core.package_identification:_identify(emg_connect/script) by extensions ['cmake', 'python']
[0.084s] Level 1:colcon.colcon_core.package_identification:_identify(emg_connect/script) by extension 'cmake'
[0.084s] Level 1:colcon.colcon_core.package_identification:_identify(emg_connect/script) by extension 'python'
[0.084s] Level 1:colcon.colcon_core.package_identification:_identify(emg_connect/script) by extensions ['python_setup_py']
[0.084s] Level 1:colcon.colcon_core.package_identification:_identify(emg_connect/script) by extension 'python_setup_py'
[0.084s] Level 1:colcon.colcon_core.package_identification:_identify(emg_device) by extensions ['ignore', 'ignore_ament_install']
[0.084s] Level 1:colcon.colcon_core.package_identification:_identify(emg_device) by extension 'ignore'
[0.085s] Level 1:colcon.colcon_core.package_identification:_identify(emg_device) by extension 'ignore_ament_install'
[0.085s] Level 1:colcon.colcon_core.package_identification:_identify(emg_device) by extensions ['colcon_pkg']
[0.085s] Level 1:colcon.colcon_core.package_identification:_identify(emg_device) by extension 'colcon_pkg'
[0.085s] Level 1:colcon.colcon_core.package_identification:_identify(emg_device) by extensions ['colcon_meta']
[0.085s] Level 1:colcon.colcon_core.package_identification:_identify(emg_device) by extension 'colcon_meta'
[0.085s] Level 1:colcon.colcon_core.package_identification:_identify(emg_device) by extensions ['ros']
[0.085s] Level 1:colcon.colcon_core.package_identification:_identify(emg_device) by extension 'ros'
[0.086s] DEBUG:colcon.colcon_core.package_identification:Package 'emg_device' with type 'ros.ament_python' and name 'emg_device'
[0.086s] Level 1:colcon.colcon_core.package_identification:_identify(install) by extensions ['ignore', 'ignore_ament_install']
[0.086s] Level 1:colcon.colcon_core.package_identification:_identify(install) by extension 'ignore'
[0.086s] Level 1:colcon.colcon_core.package_identification:_identify(install) ignored
[0.086s] Level 1:colcon.colcon_core.package_identification:_identify(log) by extensions ['ignore', 'ignore_ament_install']
[0.086s] Level 1:colcon.colcon_core.package_identification:_identify(log) by extension 'ignore'
[0.086s] Level 1:colcon.colcon_core.package_identification:_identify(log) ignored
[0.086s] Level 1:colcon.colcon_core.package_identification:_identify(shadow_hand_controller) by extensions ['ignore', 'ignore_ament_install']
[0.086s] Level 1:colcon.colcon_core.package_identification:_identify(shadow_hand_controller) by extension 'ignore'
[0.086s] Level 1:colcon.colcon_core.package_identification:_identify(shadow_hand_controller) by extension 'ignore_ament_install'
[0.086s] Level 1:colcon.colcon_core.package_identification:_identify(shadow_hand_controller) by extensions ['colcon_pkg']
[0.086s] Level 1:colcon.colcon_core.package_identification:_identify(shadow_hand_controller) by extension 'colcon_pkg'
[0.086s] Level 1:colcon.colcon_core.package_identification:_identify(shadow_hand_controller) by extensions ['colcon_meta']
[0.086s] Level 1:colcon.colcon_core.package_identification:_identify(shadow_hand_controller) by extension 'colcon_meta'
[0.086s] Level 1:colcon.colcon_core.package_identification:_identify(shadow_hand_controller) by extensions ['ros']
[0.086s] Level 1:colcon.colcon_core.package_identification:_identify(shadow_hand_controller) by extension 'ros'
[0.086s] DEBUG:colcon.colcon_core.package_identification:Package 'shadow_hand_controller' with type 'ros.ament_python' and name 'shadow_hand_controller'
[0.086s] Level 1:colcon.colcon_core.package_discovery:discover_packages(recursive) using defaults
[0.086s] Level 1:colcon.colcon_core.package_discovery:discover_packages(ignore) discover
[0.086s] Level 1:colcon.colcon_core.package_discovery:discover_packages(ignore) using defaults
[0.086s] Level 1:colcon.colcon_core.package_discovery:discover_packages(path) discover
[0.086s] Level 1:colcon.colcon_core.package_discovery:discover_packages(path) using defaults
[0.094s] Level 1:colcon.colcon_core.package_discovery:discover_packages(prefix_path) check parameters
[0.094s] Level 1:colcon.colcon_core.package_discovery:discover_packages(prefix_path) discover
[0.095s] DEBUG:colcon.colcon_installed_package_information.package_discovery:Found 2 installed packages in /home/meow/ros2_ws/install
[0.095s] DEBUG:colcon.colcon_installed_package_information.package_discovery:Found 10 installed packages in /home/meow/IsaacSim-ros_workspaces/jazzy_ws/install
[0.096s] DEBUG:colcon.colcon_installed_package_information.package_discovery:Found 456 installed packages in /opt/ros/jazzy
[0.097s] Level 1:colcon.colcon_core.package_discovery:discover_packages(prefix_path) using defaults
[0.118s] Level 5:colcon.colcon_core.verb:set package 'emg_device' build argument 'cmake_args' from command line to 'None'
[0.118s] Level 5:colcon.colcon_core.verb:set package 'emg_device' build argument 'cmake_target' from command line to 'None'
[0.118s] Level 5:colcon.colcon_core.verb:set package 'emg_device' build argument 'cmake_target_skip_unavailable' from command line to 'False'
[0.118s] Level 5:colcon.colcon_core.verb:set package 'emg_device' build argument 'cmake_clean_cache' from command line to 'False'
[0.118s] Level 5:colcon.colcon_core.verb:set package 'emg_device' build argument 'cmake_clean_first' from command line to 'False'
[0.118s] Level 5:colcon.colcon_core.verb:set package 'emg_device' build argument 'cmake_force_configure' from command line to 'False'
[0.118s] Level 5:colcon.colcon_core.verb:set package 'emg_device' build argument 'ament_cmake_args' from command line to 'None'
[0.118s] Level 5:colcon.colcon_core.verb:set package 'emg_device' build argument 'catkin_cmake_args' from command line to 'None'
[0.118s] Level 5:colcon.colcon_core.verb:set package 'emg_device' build argument 'catkin_skip_building_tests' from command line to 'False'
[0.118s] DEBUG:colcon.colcon_core.verb:Building package 'emg_device' with the following arguments: {'ament_cmake_args': None, 'build_base': '/home/meow/ros2_ws/src/build/emg_device', 'catkin_cmake_args': None, 'catkin_skip_building_tests': False, 'cmake_args': None, 'cmake_clean_cache': False, 'cmake_clean_first': False, 'cmake_force_configure': False, 'cmake_target': None, 'cmake_target_skip_unavailable': False, 'install_base': '/home/meow/ros2_ws/src/install/emg_device', 'merge_install': False, 'path': '/home/meow/ros2_ws/src/emg_device', 'symlink_install': False, 'test_result_base': None}
[0.118s] Level 5:colcon.colcon_core.verb:set package 'shadow_hand_controller' build argument 'cmake_args' from command line to 'None'
[0.118s] Level 5:colcon.colcon_core.verb:set package 'shadow_hand_controller' build argument 'cmake_target' from command line to 'None'
[0.118s] Level 5:colcon.colcon_core.verb:set package 'shadow_hand_controller' build argument 'cmake_target_skip_unavailable' from command line to 'False'
[0.118s] Level 5:colcon.colcon_core.verb:set package 'shadow_hand_controller' build argument 'cmake_clean_cache' from command line to 'False'
[0.118s] Level 5:colcon.colcon_core.verb:set package 'shadow_hand_controller' build argument 'cmake_clean_first' from command line to 'False'
[0.118s] Level 5:colcon.colcon_core.verb:set package 'shadow_hand_controller' build argument 'cmake_force_configure' from command line to 'False'
[0.118s] Level 5:colcon.colcon_core.verb:set package 'shadow_hand_controller' build argument 'ament_cmake_args' from command line to 'None'
[0.118s] Level 5:colcon.colcon_core.verb:set package 'shadow_hand_controller' build argument 'catkin_cmake_args' from command line to 'None'
[0.118s] Level 5:colcon.colcon_core.verb:set package 'shadow_hand_controller' build argument 'catkin_skip_building_tests' from command line to 'False'
[0.118s] DEBUG:colcon.colcon_core.verb:Building package 'shadow_hand_controller' with the following arguments: {'ament_cmake_args': None, 'build_base': '/home/meow/ros2_ws/src/build/shadow_hand_controller', 'catkin_cmake_args': None, 'catkin_skip_building_tests': False, 'cmake_args': None, 'cmake_clean_cache': False, 'cmake_clean_first': False, 'cmake_force_configure': False, 'cmake_target': None, 'cmake_target_skip_unavailable': False, 'install_base': '/home/meow/ros2_ws/src/install/shadow_hand_controller', 'merge_install': False, 'path': '/home/meow/ros2_ws/src/shadow_hand_controller', 'symlink_install': False, 'test_result_base': None}
[0.118s] INFO:colcon.colcon_core.executor:Executing jobs using 'parallel' executor
[0.119s] DEBUG:colcon.colcon_parallel_executor.executor.parallel:run_until_complete
[0.119s] INFO:colcon.colcon_ros.task.ament_python.build:Building ROS package in '/home/meow/ros2_ws/src/emg_device' with build type 'ament_python'
[0.119s] Level 1:colcon.colcon_core.shell:create_environment_hook('emg_device', 'ament_prefix_path')
[0.120s] INFO:colcon.colcon_core.plugin_system:Skipping extension 'colcon_core.shell.bat': Not used on non-Windows systems
[0.120s] INFO:colcon.colcon_core.shell:Creating environment hook '/home/meow/ros2_ws/src/install/emg_device/share/emg_device/hook/ament_prefix_path.ps1'
[0.121s] INFO:colcon.colcon_core.shell:Creating environment descriptor '/home/meow/ros2_ws/src/install/emg_device/share/emg_device/hook/ament_prefix_path.dsv'
[0.121s] INFO:colcon.colcon_core.shell:Creating environment hook '/home/meow/ros2_ws/src/install/emg_device/share/emg_device/hook/ament_prefix_path.sh'
[0.121s] INFO:colcon.colcon_core.shell:Skip shell extension 'powershell' for command environment: Not usable outside of PowerShell
[0.121s] DEBUG:colcon.colcon_core.shell:Skip shell extension 'dsv' for command environment
[0.123s] INFO:colcon.colcon_ros.task.ament_python.build:Building ROS package in '/home/meow/ros2_ws/src/shadow_hand_controller' with build type 'ament_python'
[0.123s] Level 1:colcon.colcon_core.shell:create_environment_hook('shadow_hand_controller', 'ament_prefix_path')
[0.123s] INFO:colcon.colcon_core.shell:Creating environment hook '/home/meow/ros2_ws/src/install/shadow_hand_controller/share/shadow_hand_controller/hook/ament_prefix_path.ps1'
[0.123s] INFO:colcon.colcon_core.shell:Creating environment descriptor '/home/meow/ros2_ws/src/install/shadow_hand_controller/share/shadow_hand_controller/hook/ament_prefix_path.dsv'
[0.123s] INFO:colcon.colcon_core.shell:Creating environment hook '/home/meow/ros2_ws/src/install/shadow_hand_controller/share/shadow_hand_controller/hook/ament_prefix_path.sh'
[0.124s] INFO:colcon.colcon_core.shell:Skip shell extension 'powershell' for command environment: Not usable outside of PowerShell
[0.124s] DEBUG:colcon.colcon_core.shell:Skip shell extension 'dsv' for command environment
[0.224s] INFO:colcon.colcon_core.task.python.build:Building Python package in '/home/meow/ros2_ws/src/emg_device'
[0.224s] INFO:colcon.colcon_core.shell:Skip shell extension 'powershell' for command environment: Not usable outside of PowerShell
[0.224s] DEBUG:colcon.colcon_core.shell:Skip shell extension 'dsv' for command environment
[0.324s] INFO:colcon.colcon_core.task.python.build:Building Python package in '/home/meow/ros2_ws/src/shadow_hand_controller'
[0.324s] INFO:colcon.colcon_core.shell:Skip shell extension 'powershell' for command environment: Not usable outside of PowerShell
[0.324s] DEBUG:colcon.colcon_core.shell:Skip shell extension 'dsv' for command environment
[0.583s] DEBUG:colcon.colcon_core.event_handler.log_command:Invoking command in '/home/meow/ros2_ws/src/shadow_hand_controller': DEBUGINFOD_URLS=https://debuginfod.ubuntu.com PYTHONPATH=/home/meow/ros2_ws/src/build/shadow_hand_controller/prefix_override:/usr/lib/python3/dist-packages/colcon_core/task/python/colcon_distutils_commands:/home/meow/ros2_ws/src/install/shadow_hand_controller/lib/python3.12/site-packages:${PYTHONPATH} /usr/bin/python3 -W ignore:setup.py install is deprecated -W ignore:easy_install command is deprecated setup.py egg_info --egg-base ../build/shadow_hand_controller build --build-base /home/meow/ros2_ws/src/build/shadow_hand_controller/build install --record /home/meow/ros2_ws/src/build/shadow_hand_controller/install.log --single-version-externally-managed install_data
[0.588s] DEBUG:colcon.colcon_core.event_handler.log_command:Invoking command in '/home/meow/ros2_ws/src/emg_device': DEBUGINFOD_URLS=https://debuginfod.ubuntu.com PYTHONPATH=/home/meow/ros2_ws/src/build/emg_device/prefix_override:/usr/lib/python3/dist-packages/colcon_core/task/python/colcon_distutils_commands:/home/meow/ros2_ws/src/install/emg_device/lib/python3.12/site-packages:${PYTHONPATH} /usr/bin/python3 -W ignore:setup.py install is deprecated -W ignore:easy_install command is deprecated setup.py egg_info --egg-base ../build/emg_device build --build-base /home/meow/ros2_ws/src/build/emg_device/build install --record /home/meow/ros2_ws/src/build/emg_device/install.log --single-version-externally-managed install_data
[0.823s] DEBUG:colcon.colcon_core.event_handler.log_command:Invoked command in '/home/meow/ros2_ws/src/emg_device' returned '0': DEBUGINFOD_URLS=https://debuginfod.ubuntu.com PYTHONPATH=/home/meow/ros2_ws/src/build/emg_device/prefix_override:/usr/lib/python3/dist-packages/colcon_core/task/python/colcon_distutils_commands:/home/meow/ros2_ws/src/install/emg_device/lib/python3.12/site-packages:${PYTHONPATH} /usr/bin/python3 -W ignore:setup.py install is deprecated -W ignore:easy_install command is deprecated setup.py egg_info --egg-base ../build/emg_device build --build-base /home/meow/ros2_ws/src/build/emg_device/build install --record /home/meow/ros2_ws/src/build/emg_device/install.log --single-version-externally-managed install_data
[0.824s] Level 1:colcon.colcon_core.environment:checking '/home/meow/ros2_ws/src/install/emg_device' for CMake module files
[0.824s] Level 1:colcon.colcon_core.environment:checking '/home/meow/ros2_ws/src/install/emg_device' for CMake config files
[0.825s] Level 1:colcon.colcon_core.environment:checking '/home/meow/ros2_ws/src/install/emg_device/lib'
[0.825s] Level 1:colcon.colcon_core.environment:checking '/home/meow/ros2_ws/src/install/emg_device/bin'
[0.825s] Level 1:colcon.colcon_core.environment:checking '/home/meow/ros2_ws/src/install/emg_device/lib/pkgconfig/emg_device.pc'
[0.825s] Level 1:colcon.colcon_core.environment:checking '/home/meow/ros2_ws/src/install/emg_device/lib/python3.12/site-packages'
[0.825s] Level 1:colcon.colcon_core.shell:create_environment_hook('emg_device', 'pythonpath')
[0.825s] INFO:colcon.colcon_core.shell:Creating environment hook '/home/meow/ros2_ws/src/install/emg_device/share/emg_device/hook/pythonpath.ps1'
[0.825s] INFO:colcon.colcon_core.shell:Creating environment descriptor '/home/meow/ros2_ws/src/install/emg_device/share/emg_device/hook/pythonpath.dsv'
[0.825s] INFO:colcon.colcon_core.shell:Creating environment hook '/home/meow/ros2_ws/src/install/emg_device/share/emg_device/hook/pythonpath.sh'
[0.825s] Level 1:colcon.colcon_core.environment:checking '/home/meow/ros2_ws/src/install/emg_device/bin'
[0.825s] Level 1:colcon.colcon_core.environment:create_environment_scripts_only(emg_device)
[0.825s] INFO:colcon.colcon_core.shell:Creating package script '/home/meow/ros2_ws/src/install/emg_device/share/emg_device/package.ps1'
[0.826s] INFO:colcon.colcon_core.shell:Creating package descriptor '/home/meow/ros2_ws/src/install/emg_device/share/emg_device/package.dsv'
[0.826s] INFO:colcon.colcon_core.shell:Creating package script '/home/meow/ros2_ws/src/install/emg_device/share/emg_device/package.sh'
[0.826s] INFO:colcon.colcon_core.shell:Creating package script '/home/meow/ros2_ws/src/install/emg_device/share/emg_device/package.bash'
[0.826s] INFO:colcon.colcon_core.shell:Creating package script '/home/meow/ros2_ws/src/install/emg_device/share/emg_device/package.zsh'
[0.827s] Level 1:colcon.colcon_core.environment:create_file_with_runtime_dependencies(/home/meow/ros2_ws/src/install/emg_device/share/colcon-core/packages/emg_device)
[0.827s] Level 1:colcon.colcon_core.environment:checking '/home/meow/ros2_ws/src/install/shadow_hand_controller' for CMake module files
[0.827s] Level 1:colcon.colcon_core.environment:checking '/home/meow/ros2_ws/src/install/shadow_hand_controller' for CMake config files
[0.828s] Level 1:colcon.colcon_core.environment:checking '/home/meow/ros2_ws/src/install/shadow_hand_controller/lib'
[0.828s] Level 1:colcon.colcon_core.environment:checking '/home/meow/ros2_ws/src/install/shadow_hand_controller/bin'
[0.828s] Level 1:colcon.colcon_core.environment:checking '/home/meow/ros2_ws/src/install/shadow_hand_controller/lib/pkgconfig/shadow_hand_controller.pc'
[0.828s] Level 1:colcon.colcon_core.environment:checking '/home/meow/ros2_ws/src/install/shadow_hand_controller/lib/python3.12/site-packages'
[0.828s] Level 1:colcon.colcon_core.shell:create_environment_hook('shadow_hand_controller', 'pythonpath')
[0.828s] INFO:colcon.colcon_core.shell:Creating environment hook '/home/meow/ros2_ws/src/install/shadow_hand_controller/share/shadow_hand_controller/hook/pythonpath.ps1'
[0.828s] DEBUG:colcon.colcon_core.event_handler.log_command:Invoked command in '/home/meow/ros2_ws/src/shadow_hand_controller' returned '0': DEBUGINFOD_URLS=https://debuginfod.ubuntu.com PYTHONPATH=/home/meow/ros2_ws/src/build/shadow_hand_controller/prefix_override:/usr/lib/python3/dist-packages/colcon_core/task/python/colcon_distutils_commands:/home/meow/ros2_ws/src/install/shadow_hand_controller/lib/python3.12/site-packages:${PYTHONPATH} /usr/bin/python3 -W ignore:setup.py install is deprecated -W ignore:easy_install command is deprecated setup.py egg_info --egg-base ../build/shadow_hand_controller build --build-base /home/meow/ros2_ws/src/build/shadow_hand_controller/build install --record /home/meow/ros2_ws/src/build/shadow_hand_controller/install.log --single-version-externally-managed install_data
[0.828s] INFO:colcon.colcon_core.shell:Creating environment descriptor '/home/meow/ros2_ws/src/install/shadow_hand_controller/share/shadow_hand_controller/hook/pythonpath.dsv'
[0.829s] INFO:colcon.colcon_core.shell:Creating environment hook '/home/meow/ros2_ws/src/install/shadow_hand_controller/share/shadow_hand_controller/hook/pythonpath.sh'
[0.829s] Level 1:colcon.colcon_core.environment:checking '/home/meow/ros2_ws/src/install/shadow_hand_controller/bin'
[0.829s] Level 1:colcon.colcon_core.environment:create_environment_scripts_only(shadow_hand_controller)
[0.829s] INFO:colcon.colcon_core.shell:Creating package script '/home/meow/ros2_ws/src/install/shadow_hand_controller/share/shadow_hand_controller/package.ps1'
[0.829s] INFO:colcon.colcon_core.shell:Creating package descriptor '/home/meow/ros2_ws/src/install/shadow_hand_controller/share/shadow_hand_controller/package.dsv'
[0.829s] INFO:colcon.colcon_core.shell:Creating package script '/home/meow/ros2_ws/src/install/shadow_hand_controller/share/shadow_hand_controller/package.sh'
[0.829s] INFO:colcon.colcon_core.shell:Creating package script '/home/meow/ros2_ws/src/install/shadow_hand_controller/share/shadow_hand_controller/package.bash'
[0.829s] INFO:colcon.colcon_core.shell:Creating package script '/home/meow/ros2_ws/src/install/shadow_hand_controller/share/shadow_hand_controller/package.zsh'
[0.829s] Level 1:colcon.colcon_core.environment:create_file_with_runtime_dependencies(/home/meow/ros2_ws/src/install/shadow_hand_controller/share/colcon-core/packages/shadow_hand_controller)
[0.830s] DEBUG:colcon.colcon_parallel_executor.executor.parallel:closing loop
[0.830s] DEBUG:colcon.colcon_parallel_executor.executor.parallel:loop closed
[0.830s] DEBUG:colcon.colcon_parallel_executor.executor.parallel:run_until_complete finished with '0'
[0.830s] DEBUG:colcon.colcon_core.event_reactor:joining thread
[0.835s] INFO:colcon.colcon_core.plugin_system:Skipping extension 'colcon_notification.desktop_notification.terminal_notifier': Not used on non-Darwin systems
[0.835s] INFO:colcon.colcon_core.plugin_system:Skipping extension 'colcon_notification.desktop_notification.win32': Not used on non-Windows systems
[0.835s] INFO:colcon.colcon_notification.desktop_notification:Sending desktop notification using 'notify2'
[0.844s] DEBUG:colcon.colcon_core.event_reactor:joined thread
[0.844s] INFO:colcon.colcon_core.shell:Creating prefix script '/home/meow/ros2_ws/src/install/local_setup.ps1'
[0.845s] INFO:colcon.colcon_core.shell:Creating prefix util module '/home/meow/ros2_ws/src/install/_local_setup_util_ps1.py'
[0.845s] INFO:colcon.colcon_core.shell:Creating prefix chain script '/home/meow/ros2_ws/src/install/setup.ps1'
[0.845s] INFO:colcon.colcon_core.shell:Creating prefix script '/home/meow/ros2_ws/src/install/local_setup.sh'
[0.846s] INFO:colcon.colcon_core.shell:Creating prefix util module '/home/meow/ros2_ws/src/install/_local_setup_util_sh.py'
[0.846s] INFO:colcon.colcon_core.shell:Creating prefix chain script '/home/meow/ros2_ws/src/install/setup.sh'
[0.851s] INFO:colcon.colcon_core.shell:Creating prefix script '/home/meow/ros2_ws/src/install/local_setup.bash'
[0.851s] INFO:colcon.colcon_core.shell:Creating prefix chain script '/home/meow/ros2_ws/src/install/setup.bash'
[0.852s] INFO:colcon.colcon_core.shell:Creating prefix script '/home/meow/ros2_ws/src/install/local_setup.zsh'
[0.852s] INFO:colcon.colcon_core.shell:Creating prefix chain script '/home/meow/ros2_ws/src/install/setup.zsh'
