running develop
running egg_info
creating emg_device.egg-info
writing emg_device.egg-info/PKG-INFO
writing dependency_links to emg_device.egg-info/dependency_links.txt
writing entry points to emg_device.egg-info/entry_points.txt
writing requirements to emg_device.egg-info/requires.txt
writing top-level names to emg_device.egg-info/top_level.txt
writing manifest file 'emg_device.egg-info/SOURCES.txt'
reading manifest file 'emg_device.egg-info/SOURCES.txt'
adding license file 'LICENSE'
writing manifest file 'emg_device.egg-info/SOURCES.txt'
running build_ext
Creating /home/meow/ros2_ws/install/emg_device/lib/python3.12/site-packages/emg-device.egg-link (link to .)
Installing emg_classifier_node script to /home/meow/ros2_ws/install/emg_device/lib/emg_device
Installing emg_node script to /home/meow/ros2_ws/install/emg_device/lib/emg_device

Installed /home/meow/ros2_ws/build/emg_device
running symlink_data
creating /home/meow/ros2_ws/install/emg_device/share/ament_index
creating /home/meow/ros2_ws/install/emg_device/share/ament_index/resource_index
creating /home/meow/ros2_ws/install/emg_device/share/ament_index/resource_index/packages
symbolically linking /home/meow/ros2_ws/build/emg_device/resource/emg_device -> /home/meow/ros2_ws/install/emg_device/share/ament_index/resource_index/packages
symbolically linking /home/meow/ros2_ws/build/emg_device/package.xml -> /home/meow/ros2_ws/install/emg_device/share/emg_device
creating /home/meow/ros2_ws/install/emg_device/share/emg_device/launch
symbolically linking /home/meow/ros2_ws/build/emg_device/launch/emg_signal_launch.py -> /home/meow/ros2_ws/install/emg_device/share/emg_device/launch
symbolically linking /home/meow/ros2_ws/build/emg_device/launch/emg_full_pipeline_launch.py -> /home/meow/ros2_ws/install/emg_device/share/emg_device/launch
creating /home/meow/ros2_ws/install/emg_device/share/emg_device/LICENSE
symbolically linking /home/meow/ros2_ws/build/emg_device/LICENSE -> /home/meow/ros2_ws/install/emg_device/share/emg_device/LICENSE
creating /home/meow/ros2_ws/install/emg_device/share/emg_device/models
symbolically linking /home/meow/ros2_ws/build/emg_device/emg_device/models/emg_cnn_model.pt -> /home/meow/ros2_ws/install/emg_device/share/emg_device/models
